<?xml version="1.0" encoding="UTF-8"?>
<coverage generated="1528845971205" clover="3.2.0">
  <project timestamp="1528845971206" name="All files">
    <metrics statements="509" coveredstatements="275" conditionals="237" coveredconditionals="67" methods="137" coveredmethods="49" elements="883" coveredelements="391" complexity="0" loc="509" ncloc="509" packages="15" files="31" classes="31">
      <package name="Base.Button">
        <metrics statements="62" coveredstatements="20" conditionals="18" coveredconditionals="4" methods="24" coveredmethods="2"/>
        <file name="Button.tsx" path="C:\Users\Lucas\Documents\GIT\cawsp\src\components\Base\Button\Button.tsx">
          <metrics statements="61" coveredstatements="19" conditionals="18" coveredconditionals="4" methods="24" coveredmethods="2"/>
          <line num="1" count="5" type="stmt"/>
          <line num="2" count="5" type="stmt"/>
          <line num="52" count="5" type="stmt"/>
          <line num="54" count="1" type="stmt"/>
          <line num="55" count="1" type="stmt"/>
          <line num="62" count="1" type="stmt"/>
          <line num="63" count="0" type="stmt"/>
          <line num="64" count="0" type="stmt"/>
          <line num="67" count="1" type="stmt"/>
          <line num="68" count="0" type="stmt"/>
          <line num="69" count="0" type="cond" truecount="0" falsecount="2"/>
          <line num="70" count="0" type="stmt"/>
          <line num="73" count="1" type="stmt"/>
          <line num="74" count="0" type="stmt"/>
          <line num="77" count="1" type="stmt"/>
          <line num="78" count="0" type="stmt"/>
          <line num="79" count="0" type="cond" truecount="0" falsecount="2"/>
          <line num="81" count="0" type="stmt"/>
          <line num="83" count="0" type="cond" truecount="0" falsecount="2"/>
          <line num="84" count="0" type="stmt"/>
          <line num="100" count="1" type="stmt"/>
          <line num="126" count="1" type="cond" truecount="1" falsecount="1"/>
          <line num="130" count="1" type="stmt"/>
          <line num="137" count="1" type="cond" truecount="1" falsecount="1"/>
          <line num="138" count="1" type="cond" truecount="1" falsecount="1"/>
          <line num="139" count="1" type="cond" truecount="1" falsecount="1"/>
          <line num="141" count="1" type="stmt"/>
          <line num="145" count="0" type="stmt"/>
          <line num="146" count="0" type="stmt"/>
          <line num="147" count="0" type="stmt"/>
          <line num="158" count="5" type="stmt"/>
          <line num="159" count="0" type="stmt"/>
          <line num="169" count="0" type="stmt"/>
          <line num="174" count="5" type="stmt"/>
          <line num="176" count="0" type="stmt"/>
          <line num="190" count="0" type="stmt"/>
          <line num="203" count="5" type="stmt"/>
          <line num="208" count="0" type="stmt"/>
          <line num="210" count="0" type="stmt"/>
          <line num="221" count="0" type="stmt"/>
          <line num="226" count="0" type="cond" truecount="0" falsecount="4"/>
          <line num="227" count="0" type="stmt"/>
          <line num="231" count="0" type="stmt"/>
          <line num="232" count="0" type="stmt"/>
          <line num="233" count="0" type="stmt"/>
          <line num="236" count="0" type="stmt"/>
          <line num="237" count="0" type="stmt"/>
          <line num="242" count="0" type="stmt"/>
          <line num="250" count="0" type="stmt"/>
          <line num="251" count="0" type="stmt"/>
          <line num="252" count="0" type="stmt"/>
          <line num="255" count="0" type="stmt"/>
          <line num="256" count="0" type="stmt"/>
          <line num="259" count="0" type="stmt"/>
          <line num="270" count="0" type="stmt"/>
          <line num="271" count="0" type="stmt"/>
          <line num="276" count="0" type="stmt"/>
          <line num="291" count="0" type="stmt"/>
          <line num="292" count="0" type="stmt"/>
          <line num="295" count="0" type="stmt"/>
          <line num="297" count="0" type="stmt"/>
        </file>
        <file name="index.tsx" path="C:\Users\Lucas\Documents\GIT\cawsp\src\components\Base\Button\index.tsx">
          <metrics statements="1" coveredstatements="1" conditionals="0" coveredconditionals="0" methods="0" coveredmethods="0"/>
          <line num="1" count="4" type="stmt"/>
        </file>
      </package>
      <package name="Base.Checkbox">
        <metrics statements="42" coveredstatements="7" conditionals="22" coveredconditionals="0" methods="12" coveredmethods="0"/>
        <file name="Checkbox.tsx" path="C:\Users\Lucas\Documents\GIT\cawsp\src\components\Base\Checkbox\Checkbox.tsx">
          <metrics statements="41" coveredstatements="6" conditionals="22" coveredconditionals="0" methods="12" coveredmethods="0"/>
          <line num="1" count="2" type="stmt"/>
          <line num="2" count="2" type="stmt"/>
          <line num="3" count="2" type="stmt"/>
          <line num="5" count="2" type="stmt"/>
          <line num="10" count="2" type="stmt"/>
          <line num="35" count="2" type="stmt"/>
          <line num="40" count="0" type="stmt"/>
          <line num="42" count="0" type="stmt"/>
          <line num="55" count="0" type="stmt"/>
          <line num="60" count="0" type="cond" truecount="0" falsecount="4"/>
          <line num="61" count="0" type="stmt"/>
          <line num="65" count="0" type="stmt"/>
          <line num="66" count="0" type="stmt"/>
          <line num="69" count="0" type="stmt"/>
          <line num="70" count="0" type="stmt"/>
          <line num="71" count="0" type="stmt"/>
          <line num="74" count="0" type="stmt"/>
          <line num="75" count="0" type="stmt"/>
          <line num="77" count="0" type="stmt"/>
          <line num="85" count="0" type="stmt"/>
          <line num="86" count="0" type="cond" truecount="0" falsecount="2"/>
          <line num="87" count="0" type="cond" truecount="0" falsecount="2"/>
          <line num="88" count="0" type="stmt"/>
          <line num="89" count="0" type="cond" truecount="0" falsecount="2"/>
          <line num="93" count="0" type="stmt"/>
          <line num="97" count="0" type="stmt"/>
          <line num="98" count="0" type="stmt"/>
          <line num="101" count="0" type="stmt"/>
          <line num="112" count="0" type="stmt"/>
          <line num="118" count="0" type="stmt"/>
          <line num="120" count="0" type="cond" truecount="0" falsecount="2"/>
          <line num="122" count="0" type="cond" truecount="0" falsecount="2"/>
          <line num="124" count="0" type="cond" truecount="0" falsecount="2"/>
          <line num="126" count="0" type="cond" truecount="0" falsecount="2"/>
          <line num="127" count="0" type="cond" truecount="0" falsecount="2"/>
          <line num="129" count="0" type="cond" truecount="0" falsecount="2"/>
          <line num="131" count="0" type="stmt"/>
          <line num="147" count="0" type="stmt"/>
          <line num="148" count="0" type="stmt"/>
          <line num="151" count="0" type="stmt"/>
          <line num="153" count="0" type="stmt"/>
        </file>
        <file name="index.tsx" path="C:\Users\Lucas\Documents\GIT\cawsp\src\components\Base\Checkbox\index.tsx">
          <metrics statements="1" coveredstatements="1" conditionals="0" coveredconditionals="0" methods="0" coveredmethods="0"/>
          <line num="1" count="1" type="stmt"/>
        </file>
      </package>
      <package name="Base.Icon">
        <metrics statements="41" coveredstatements="33" conditionals="12" coveredconditionals="6" methods="3" coveredmethods="3"/>
        <file name="Icon.fn.tsx" path="C:\Users\Lucas\Documents\GIT\cawsp\src\components\Base\Icon\Icon.fn.tsx">
          <metrics statements="1" coveredstatements="1" conditionals="0" coveredconditionals="0" methods="0" coveredmethods="0"/>
          <line num="1" count="7" type="stmt"/>
        </file>
        <file name="Icon.tsx" path="C:\Users\Lucas\Documents\GIT\cawsp\src\components\Base\Icon\Icon.tsx">
          <metrics statements="38" coveredstatements="30" conditionals="12" coveredconditionals="6" methods="3" coveredmethods="3"/>
          <line num="1" count="7" type="stmt"/>
          <line num="2" count="7" type="stmt"/>
          <line num="3" count="7" type="stmt"/>
          <line num="13" count="7" type="cond" truecount="2" falsecount="0"/>
          <line num="14" count="7" type="stmt"/>
          <line num="15" count="7" type="stmt"/>
          <line num="16" count="7" type="stmt"/>
          <line num="17" count="7" type="stmt"/>
          <line num="18" count="7" type="stmt"/>
          <line num="19" count="7" type="stmt"/>
          <line num="20" count="7" type="stmt"/>
          <line num="21" count="7" type="stmt"/>
          <line num="22" count="7" type="stmt"/>
          <line num="23" count="7" type="stmt"/>
          <line num="24" count="7" type="stmt"/>
          <line num="25" count="7" type="stmt"/>
          <line num="26" count="7" type="stmt"/>
          <line num="27" count="7" type="stmt"/>
          <line num="51" count="7" type="stmt"/>
          <line num="53" count="3" type="stmt"/>
          <line num="56" count="3" type="stmt"/>
          <line num="61" count="3" type="stmt"/>
          <line num="62" count="3" type="stmt"/>
          <line num="64" count="3" type="stmt"/>
          <line num="66" count="0" type="stmt"/>
          <line num="67" count="0" type="stmt"/>
          <line num="69" count="0" type="stmt"/>
          <line num="70" count="0" type="stmt"/>
          <line num="72" count="0" type="stmt"/>
          <line num="73" count="0" type="stmt"/>
          <line num="75" count="0" type="stmt"/>
          <line num="76" count="0" type="stmt"/>
          <line num="79" count="3" type="stmt"/>
          <line num="89" count="3" type="cond" truecount="2" falsecount="0"/>
          <line num="91" count="3" type="stmt"/>
          <line num="93" count="3" type="cond" truecount="1" falsecount="1"/>
          <line num="95" count="3" type="cond" truecount="1" falsecount="1"/>
          <line num="96" count="3" type="stmt"/>
        </file>
        <file name="index.tsx" path="C:\Users\Lucas\Documents\GIT\cawsp\src\components\Base\Icon\index.tsx">
          <metrics statements="2" coveredstatements="2" conditionals="0" coveredconditionals="0" methods="0" coveredmethods="0"/>
          <line num="1" count="6" type="stmt"/>
          <line num="2" count="6" type="stmt"/>
        </file>
      </package>
      <package name="Base.Link">
        <metrics statements="15" coveredstatements="10" conditionals="2" coveredconditionals="0" methods="5" coveredmethods="2"/>
        <file name="Link.tsx" path="C:\Users\Lucas\Documents\GIT\cawsp\src\components\Base\Link\Link.tsx">
          <metrics statements="15" coveredstatements="10" conditionals="2" coveredconditionals="0" methods="5" coveredmethods="2"/>
          <line num="1" count="1" type="stmt"/>
          <line num="13" count="1" type="stmt"/>
          <line num="15" count="1" type="stmt"/>
          <line num="17" count="1" type="stmt"/>
          <line num="23" count="1" type="stmt"/>
          <line num="24" count="0" type="stmt"/>
          <line num="27" count="1" type="stmt"/>
          <line num="28" count="0" type="stmt"/>
          <line num="33" count="1" type="stmt"/>
          <line num="45" count="1" type="stmt"/>
          <line num="47" count="1" type="stmt"/>
          <line num="62" count="1" type="stmt"/>
          <line num="64" count="0" type="stmt"/>
          <line num="85" count="0" type="cond" truecount="0" falsecount="2"/>
          <line num="87" count="0" type="stmt"/>
        </file>
      </package>
      <package name="Base.Overlay">
        <metrics statements="24" coveredstatements="12" conditionals="18" coveredconditionals="2" methods="12" coveredmethods="3"/>
        <file name="Overlay.tsx" path="C:\Users\Lucas\Documents\GIT\cawsp\src\components\Base\Overlay\Overlay.tsx">
          <metrics statements="24" coveredstatements="12" conditionals="18" coveredconditionals="2" methods="12" coveredmethods="3"/>
          <line num="1" count="1" type="stmt"/>
          <line num="2" count="1" type="stmt"/>
          <line num="9" count="1" type="stmt"/>
          <line num="12" count="1" type="stmt"/>
          <line num="14" count="1" type="stmt"/>
          <line num="21" count="0" type="cond" truecount="0" falsecount="4"/>
          <line num="22" count="0" type="stmt"/>
          <line num="23" count="0" type="stmt"/>
          <line num="24" count="0" type="stmt"/>
          <line num="28" count="0" type="cond" truecount="0" falsecount="4"/>
          <line num="29" count="0" type="stmt"/>
          <line num="33" count="1" type="stmt"/>
          <line num="34" count="0" type="stmt"/>
          <line num="37" count="1" type="stmt"/>
          <line num="38" count="0" type="cond" truecount="0" falsecount="2"/>
          <line num="42" count="1" type="stmt"/>
          <line num="43" count="0" type="stmt"/>
          <line num="59" count="1" type="stmt"/>
          <line num="60" count="1" type="cond" truecount="1" falsecount="1"/>
          <line num="61" count="1" type="cond" truecount="1" falsecount="1"/>
          <line num="64" count="0" type="cond" truecount="0" falsecount="2"/>
          <line num="68" count="0" type="cond" truecount="0" falsecount="2"/>
          <line num="73" count="0" type="stmt"/>
          <line num="76" count="1" type="stmt"/>
        </file>
      </package>
      <package name="Base.Pagination">
        <metrics statements="24" coveredstatements="19" conditionals="8" coveredconditionals="2" methods="5" coveredmethods="2"/>
        <file name="Pagination.tsx" path="C:\Users\Lucas\Documents\GIT\cawsp\src\components\Base\Pagination\Pagination.tsx">
          <metrics statements="23" coveredstatements="18" conditionals="8" coveredconditionals="2" methods="5" coveredmethods="2"/>
          <line num="1" count="2" type="stmt"/>
          <line num="4" count="2" type="stmt"/>
          <line num="5" count="2" type="stmt"/>
          <line num="7" count="2" type="stmt"/>
          <line num="12" count="2" type="stmt"/>
          <line num="28" count="2" type="stmt"/>
          <line num="30" count="1" type="stmt"/>
          <line num="32" count="1" type="stmt"/>
          <line num="37" count="1" type="stmt"/>
          <line num="38" count="0" type="stmt"/>
          <line num="41" count="1" type="stmt"/>
          <line num="42" count="0" type="cond" truecount="0" falsecount="2"/>
          <line num="43" count="0" type="stmt"/>
          <line num="46" count="1" type="stmt"/>
          <line num="47" count="0" type="cond" truecount="0" falsecount="2"/>
          <line num="48" count="0" type="stmt"/>
          <line num="52" count="1" type="stmt"/>
          <line num="54" count="1" type="cond" truecount="1" falsecount="1"/>
          <line num="56" count="1" type="stmt"/>
          <line num="58" count="1" type="stmt"/>
          <line num="85" count="1" type="stmt"/>
          <line num="86" count="1" type="cond" truecount="1" falsecount="1"/>
          <line num="88" count="1" type="stmt"/>
        </file>
        <file name="index.tsx" path="C:\Users\Lucas\Documents\GIT\cawsp\src\components\Base\Pagination\index.tsx">
          <metrics statements="1" coveredstatements="1" conditionals="0" coveredconditionals="0" methods="0" coveredmethods="0"/>
          <line num="1" count="1" type="stmt"/>
        </file>
      </package>
      <package name="Base.Ripple">
        <metrics statements="28" coveredstatements="14" conditionals="9" coveredconditionals="2" methods="11" coveredmethods="3"/>
        <file name="Ripple.tsx" path="C:\Users\Lucas\Documents\GIT\cawsp\src\components\Base\Ripple\Ripple.tsx">
          <metrics statements="27" coveredstatements="13" conditionals="9" coveredconditionals="2" methods="11" coveredmethods="3"/>
          <line num="1" count="7" type="stmt"/>
          <line num="16" count="7" type="stmt"/>
          <line num="18" count="1" type="stmt"/>
          <line num="20" count="1" type="stmt"/>
          <line num="27" count="1" type="stmt"/>
          <line num="28" count="0" type="stmt"/>
          <line num="32" count="1" type="stmt"/>
          <line num="33" count="0" type="stmt"/>
          <line num="34" count="0" type="stmt"/>
          <line num="35" count="0" type="stmt"/>
          <line num="40" count="1" type="stmt"/>
          <line num="41" count="0" type="stmt"/>
          <line num="42" count="0" type="stmt"/>
          <line num="43" count="0" type="stmt"/>
          <line num="48" count="1" type="stmt"/>
          <line num="49" count="0" type="stmt"/>
          <line num="53" count="1" type="stmt"/>
          <line num="55" count="1" type="stmt"/>
          <line num="57" count="0" type="stmt"/>
          <line num="58" count="0" type="stmt"/>
          <line num="60" count="0" type="stmt"/>
          <line num="61" count="0" type="stmt"/>
          <line num="63" count="0" type="stmt"/>
          <line num="64" count="0" type="stmt"/>
          <line num="67" count="1" type="stmt"/>
          <line num="91" count="1" type="cond" truecount="1" falsecount="3"/>
          <line num="93" count="1" type="stmt"/>
        </file>
        <file name="index.tsx" path="C:\Users\Lucas\Documents\GIT\cawsp\src\components\Base\Ripple\index.tsx">
          <metrics statements="1" coveredstatements="1" conditionals="0" coveredconditionals="0" methods="0" coveredmethods="0"/>
          <line num="1" count="6" type="stmt"/>
        </file>
      </package>
      <package name="Base.Showcase">
        <metrics statements="6" coveredstatements="6" conditionals="0" coveredconditionals="0" methods="2" coveredmethods="2"/>
        <file name="Showcase.tsx" path="C:\Users\Lucas\Documents\GIT\cawsp\src\components\Base\Showcase\Showcase.tsx">
          <metrics statements="6" coveredstatements="6" conditionals="0" coveredconditionals="0" methods="2" coveredmethods="2"/>
          <line num="1" count="1" type="stmt"/>
          <line num="12" count="1" type="stmt"/>
          <line num="14" count="1" type="stmt"/>
          <line num="16" count="1" type="stmt"/>
          <line num="22" count="1" type="stmt"/>
          <line num="60" count="1" type="stmt"/>
        </file>
      </package>
      <package name="Base.Table">
        <metrics statements="219" coveredstatements="106" conditionals="120" coveredconditionals="32" methods="51" coveredmethods="20"/>
        <file name="Table.tsx" path="C:\Users\Lucas\Documents\GIT\cawsp\src\components\Base\Table\Table.tsx">
          <metrics statements="153" coveredstatements="46" conditionals="80" coveredconditionals="15" methods="34" coveredmethods="7"/>
          <line num="1" count="1" type="stmt"/>
          <line num="3" count="1" type="stmt"/>
          <line num="4" count="1" type="stmt"/>
          <line num="6" count="1" type="stmt"/>
          <line num="7" count="1" type="stmt"/>
          <line num="8" count="1" type="stmt"/>
          <line num="9" count="1" type="stmt"/>
          <line num="10" count="1" type="stmt"/>
          <line num="11" count="1" type="stmt"/>
          <line num="12" count="1" type="stmt"/>
          <line num="58" count="1" type="stmt"/>
          <line num="60" count="1" type="stmt"/>
          <line num="62" count="1" type="stmt"/>
          <line num="76" count="1" type="stmt"/>
          <line num="77" count="0" type="stmt"/>
          <line num="79" count="0" type="cond" truecount="0" falsecount="2"/>
          <line num="80" count="0" type="stmt"/>
          <line num="85" count="1" type="stmt"/>
          <line num="86" count="0" type="stmt"/>
          <line num="88" count="0" type="cond" truecount="0" falsecount="2"/>
          <line num="89" count="0" type="stmt"/>
          <line num="94" count="1" type="stmt"/>
          <line num="98" count="0" type="cond" truecount="0" falsecount="2"/>
          <line num="99" count="0" type="stmt"/>
          <line num="101" count="0" type="stmt"/>
          <line num="106" count="0" type="cond" truecount="0" falsecount="2"/>
          <line num="107" count="0" type="stmt"/>
          <line num="109" count="0" type="stmt"/>
          <line num="113" count="1" type="stmt"/>
          <line num="114" count="0" type="stmt"/>
          <line num="117" count="1" type="stmt"/>
          <line num="118" count="0" type="stmt"/>
          <line num="121" count="1" type="stmt"/>
          <line num="124" count="0" type="stmt"/>
          <line num="125" count="0" type="stmt"/>
          <line num="128" count="0" type="stmt"/>
          <line num="131" count="1" type="stmt"/>
          <line num="132" count="0" type="stmt"/>
          <line num="137" count="0" type="stmt"/>
          <line num="140" count="0" type="cond" truecount="0" falsecount="2"/>
          <line num="141" count="0" type="stmt"/>
          <line num="144" count="0" type="stmt"/>
          <line num="147" count="0" type="stmt"/>
          <line num="150" count="0" type="stmt"/>
          <line num="153" count="0" type="stmt"/>
          <line num="157" count="0" type="stmt"/>
          <line num="158" count="0" type="stmt"/>
          <line num="161" count="0" type="stmt"/>
          <line num="162" count="0" type="stmt"/>
          <line num="165" count="0" type="stmt"/>
          <line num="168" count="0" type="stmt"/>
          <line num="171" count="0" type="cond" truecount="0" falsecount="2"/>
          <line num="172" count="0" type="stmt"/>
          <line num="173" count="0" type="stmt"/>
          <line num="177" count="0" type="stmt"/>
          <line num="179" count="0" type="stmt"/>
          <line num="182" count="0" type="stmt"/>
          <line num="184" count="0" type="stmt"/>
          <line num="185" count="0" type="stmt"/>
          <line num="188" count="0" type="stmt"/>
          <line num="189" count="0" type="stmt"/>
          <line num="192" count="0" type="stmt"/>
          <line num="193" count="0" type="stmt"/>
          <line num="194" count="0" type="stmt"/>
          <line num="197" count="1" type="stmt"/>
          <line num="199" count="0" type="stmt"/>
          <line num="201" count="0" type="stmt"/>
          <line num="203" count="0" type="stmt"/>
          <line num="204" count="0" type="cond" truecount="0" falsecount="2"/>
          <line num="205" count="0" type="cond" truecount="0" falsecount="2"/>
          <line num="206" count="0" type="cond" truecount="0" falsecount="2"/>
          <line num="207" count="0" type="cond" truecount="0" falsecount="2"/>
          <line num="208" count="0" type="cond" truecount="0" falsecount="2"/>
          <line num="210" count="0" type="stmt"/>
          <line num="214" count="0" type="stmt"/>
          <line num="217" count="1" type="stmt"/>
          <line num="219" count="0" type="cond" truecount="0" falsecount="2"/>
          <line num="221" count="0" type="cond" truecount="0" falsecount="2"/>
          <line num="223" count="0" type="stmt"/>
          <line num="224" count="0" type="stmt"/>
          <line num="227" count="0" type="stmt"/>
          <line num="230" count="0" type="cond" truecount="0" falsecount="2"/>
          <line num="231" count="0" type="cond" truecount="0" falsecount="2"/>
          <line num="232" count="0" type="stmt"/>
          <line num="233" count="0" type="stmt"/>
          <line num="237" count="0" type="stmt"/>
          <line num="238" count="0" type="cond" truecount="0" falsecount="2"/>
          <line num="240" count="0" type="cond" truecount="0" falsecount="2"/>
          <line num="242" count="0" type="stmt"/>
          <line num="245" count="0" type="stmt"/>
          <line num="246" count="0" type="stmt"/>
          <line num="251" count="0" type="cond" truecount="0" falsecount="2"/>
          <line num="253" count="0" type="cond" truecount="0" falsecount="2"/>
          <line num="255" count="0" type="stmt"/>
          <line num="258" count="0" type="cond" truecount="0" falsecount="2"/>
          <line num="262" count="0" type="stmt"/>
          <line num="263" count="0" type="stmt"/>
          <line num="269" count="0" type="stmt"/>
          <line num="275" count="0" type="stmt"/>
          <line num="276" count="0" type="stmt"/>
          <line num="277" count="0" type="stmt"/>
          <line num="282" count="0" type="cond" truecount="0" falsecount="2"/>
          <line num="284" count="0" type="stmt"/>
          <line num="290" count="0" type="stmt"/>
          <line num="298" count="0" type="stmt"/>
          <line num="299" count="0" type="stmt"/>
          <line num="300" count="0" type="stmt"/>
          <line num="306" count="1" type="stmt"/>
          <line num="307" count="0" type="stmt"/>
          <line num="310" count="1" type="stmt"/>
          <line num="311" count="2" type="cond" truecount="1" falsecount="1"/>
          <line num="312" count="2" type="cond" truecount="1" falsecount="1"/>
          <line num="313" count="2" type="stmt"/>
          <line num="314" count="0" type="stmt"/>
          <line num="317" count="0" type="stmt"/>
          <line num="321" count="1" type="stmt"/>
          <line num="322" count="0" type="cond" truecount="0" falsecount="2"/>
          <line num="323" count="0" type="cond" truecount="0" falsecount="2"/>
          <line num="325" count="0" type="cond" truecount="0" falsecount="2"/>
          <line num="327" count="0" type="stmt"/>
          <line num="328" count="0" type="stmt"/>
          <line num="329" count="0" type="stmt"/>
          <line num="330" count="0" type="cond" truecount="0" falsecount="2"/>
          <line num="331" count="0" type="stmt"/>
          <line num="335" count="0" type="stmt"/>
          <line num="337" count="0" type="stmt"/>
          <line num="340" count="0" type="stmt"/>
          <line num="341" count="0" type="stmt"/>
          <line num="343" count="0" type="stmt"/>
          <line num="346" count="0" type="stmt"/>
          <line num="353" count="2" type="stmt"/>
          <line num="370" count="2" type="stmt"/>
          <line num="384" count="2" type="cond" truecount="1" falsecount="1"/>
          <line num="387" count="2" type="cond" truecount="1" falsecount="3"/>
          <line num="388" count="2" type="cond" truecount="1" falsecount="1"/>
          <line num="389" count="2" type="cond" truecount="1" falsecount="1"/>
          <line num="390" count="2" type="cond" truecount="1" falsecount="1"/>
          <line num="392" count="2" type="stmt"/>
          <line num="400" count="4" type="stmt"/>
          <line num="401" count="0" type="cond" truecount="0" falsecount="2"/>
          <line num="403" count="4" type="cond" truecount="1" falsecount="1"/>
          <line num="404" count="4" type="cond" truecount="1" falsecount="1"/>
          <line num="405" count="4" type="cond" truecount="1" falsecount="1"/>
          <line num="406" count="4" type="stmt"/>
          <line num="411" count="2" type="stmt"/>
          <line num="412" count="2" type="stmt"/>
          <line num="413" count="2" type="stmt"/>
          <line num="414" count="0" type="stmt"/>
          <line num="415" count="0" type="cond" truecount="2" falsecount="0"/>
          <line num="417" count="4" type="stmt"/>
          <line num="435" count="1" type="stmt"/>
          <line num="436" count="0" type="stmt"/>
          <line num="441" count="0" type="stmt"/>
        </file>
        <file name="TableBody.tsx" path="C:\Users\Lucas\Documents\GIT\cawsp\src\components\Base\Table\TableBody.tsx">
          <metrics statements="3" coveredstatements="3" conditionals="0" coveredconditionals="0" methods="1" coveredmethods="1"/>
          <line num="1" count="2" type="stmt"/>
          <line num="7" count="2" type="stmt"/>
          <line num="8" count="1" type="stmt"/>
        </file>
        <file name="TableCell.tsx" path="C:\Users\Lucas\Documents\GIT\cawsp\src\components\Base\Table\TableCell.tsx">
          <metrics statements="11" coveredstatements="9" conditionals="6" coveredconditionals="2" methods="3" coveredmethods="2"/>
          <line num="1" count="3" type="stmt"/>
          <line num="9" count="3" type="stmt"/>
          <line num="12" count="5" type="stmt"/>
          <line num="14" count="5" type="stmt"/>
          <line num="20" count="0" type="cond" truecount="0" falsecount="2"/>
          <line num="21" count="0" type="stmt"/>
          <line num="25" count="5" type="stmt"/>
          <line num="37" count="5" type="stmt"/>
          <line num="49" count="5" type="cond" truecount="1" falsecount="1"/>
          <line num="51" count="5" type="cond" truecount="1" falsecount="1"/>
          <line num="52" count="5" type="stmt"/>
        </file>
        <file name="TableHeader.tsx" path="C:\Users\Lucas\Documents\GIT\cawsp\src\components\Base\Table\TableHeader.tsx">
          <metrics statements="3" coveredstatements="3" conditionals="0" coveredconditionals="0" methods="1" coveredmethods="1"/>
          <line num="1" count="2" type="stmt"/>
          <line num="7" count="2" type="stmt"/>
          <line num="8" count="1" type="stmt"/>
        </file>
        <file name="TableHeadingCell.tsx" path="C:\Users\Lucas\Documents\GIT\cawsp\src\components\Base\Table\TableHeadingCell.tsx">
          <metrics statements="12" coveredstatements="12" conditionals="22" coveredconditionals="11" methods="1" coveredmethods="1"/>
          <line num="1" count="2" type="stmt"/>
          <line num="2" count="2" type="stmt"/>
          <line num="4" count="2" type="stmt"/>
          <line num="9" count="2" type="stmt"/>
          <line num="26" count="2" type="stmt"/>
          <line num="27" count="1" type="cond" truecount="1" falsecount="1"/>
          <line num="29" count="1" type="stmt"/>
          <line num="50" count="1" type="stmt"/>
          <line num="71" count="1" type="cond" truecount="1" falsecount="1"/>
          <line num="74" count="1" type="cond" truecount="4" falsecount="4"/>
          <line num="78" count="1" type="cond" truecount="1" falsecount="1"/>
          <line num="85" count="1" type="stmt"/>
        </file>
        <file name="TableRow.tsx" path="C:\Users\Lucas\Documents\GIT\cawsp\src\components\Base\Table\TableRow.tsx">
          <metrics statements="12" coveredstatements="8" conditionals="8" coveredconditionals="1" methods="4" coveredmethods="2"/>
          <line num="1" count="2" type="stmt"/>
          <line num="16" count="2" type="stmt"/>
          <line num="19" count="2" type="stmt"/>
          <line num="21" count="2" type="stmt"/>
          <line num="27" count="0" type="cond" truecount="0" falsecount="4"/>
          <line num="28" count="0" type="stmt"/>
          <line num="30" count="0" type="stmt"/>
          <line num="34" count="2" type="stmt"/>
          <line num="35" count="0" type="cond" truecount="0" falsecount="2"/>
          <line num="40" count="2" type="stmt"/>
          <line num="46" count="2" type="cond" truecount="1" falsecount="1"/>
          <line num="48" count="2" type="stmt"/>
        </file>
        <file name="TableSearch.tsx" path="C:\Users\Lucas\Documents\GIT\cawsp\src\components\Base\Table\TableSearch.tsx">
          <metrics statements="8" coveredstatements="8" conditionals="0" coveredconditionals="0" methods="2" coveredmethods="2"/>
          <line num="1" count="1" type="stmt"/>
          <line num="2" count="1" type="stmt"/>
          <line num="3" count="1" type="stmt"/>
          <line num="11" count="1" type="stmt"/>
          <line num="13" count="1" type="stmt"/>
          <line num="15" count="1" type="stmt"/>
          <line num="21" count="1" type="stmt"/>
          <line num="48" count="1" type="stmt"/>
        </file>
        <file name="TableSelection.tsx" path="C:\Users\Lucas\Documents\GIT\cawsp\src\components\Base\Table\TableSelection.tsx">
          <metrics statements="6" coveredstatements="6" conditionals="0" coveredconditionals="0" methods="2" coveredmethods="2"/>
          <line num="1" count="2" type="stmt"/>
          <line num="13" count="2" type="stmt"/>
          <line num="15" count="1" type="stmt"/>
          <line num="17" count="1" type="stmt"/>
          <line num="23" count="1" type="stmt"/>
          <line num="52" count="1" type="stmt"/>
        </file>
        <file name="TableTitle.tsx" path="C:\Users\Lucas\Documents\GIT\cawsp\src\components\Base\Table\TableTitle.tsx">
          <metrics statements="11" coveredstatements="11" conditionals="4" coveredconditionals="3" methods="3" coveredmethods="2"/>
          <line num="1" count="2" type="stmt"/>
          <line num="2" count="2" type="stmt"/>
          <line num="3" count="2" type="stmt"/>
          <line num="5" count="2" type="stmt"/>
          <line num="19" count="2" type="stmt"/>
          <line num="21" count="1" type="stmt"/>
          <line num="23" count="1" type="stmt"/>
          <line num="27" count="1" type="stmt"/>
          <line num="33" count="1" type="stmt"/>
          <line num="61" count="1" type="cond" truecount="1" falsecount="1"/>
          <line num="63" count="1" type="stmt"/>
        </file>
      </package>
      <package name="Base.Toggle">
        <metrics statements="8" coveredstatements="8" conditionals="10" coveredconditionals="10" methods="2" coveredmethods="2"/>
        <file name="Toggle.tsx" path="C:\Users\Lucas\Documents\GIT\cawsp\src\components\Base\Toggle\Toggle.tsx">
          <metrics statements="8" coveredstatements="8" conditionals="10" coveredconditionals="10" methods="2" coveredmethods="2"/>
          <line num="1" count="1" type="stmt"/>
          <line num="2" count="1" type="stmt"/>
          <line num="11" count="1" type="stmt"/>
          <line num="12" count="9" type="cond" truecount="2" falsecount="0"/>
          <line num="13" count="9" type="cond" truecount="2" falsecount="0"/>
          <line num="14" count="9" type="cond" truecount="6" falsecount="0"/>
          <line num="15" count="9" type="stmt"/>
          <line num="16" count="1" type="stmt"/>
        </file>
      </package>
      <package name="Example">
        <metrics statements="11" coveredstatements="11" conditionals="0" coveredconditionals="0" methods="4" coveredmethods="4"/>
        <file name="Code.tsx" path="C:\Users\Lucas\Documents\GIT\cawsp\src\components\Example\Code.tsx">
          <metrics statements="3" coveredstatements="3" conditionals="0" coveredconditionals="0" methods="1" coveredmethods="1"/>
          <line num="1" count="1" type="stmt"/>
          <line num="6" count="1" type="stmt"/>
          <line num="7" count="1" type="stmt"/>
        </file>
        <file name="Demo.tsx" path="C:\Users\Lucas\Documents\GIT\cawsp\src\components\Example\Demo.tsx">
          <metrics statements="3" coveredstatements="3" conditionals="0" coveredconditionals="0" methods="1" coveredmethods="1"/>
          <line num="1" count="1" type="stmt"/>
          <line num="6" count="1" type="stmt"/>
          <line num="7" count="1" type="stmt"/>
        </file>
        <file name="Example.tsx" path="C:\Users\Lucas\Documents\GIT\cawsp\src\components\Example\Example.tsx">
          <metrics statements="5" coveredstatements="5" conditionals="0" coveredconditionals="0" methods="2" coveredmethods="2"/>
          <line num="1" count="1" type="stmt"/>
          <line num="9" count="1" type="stmt"/>
          <line num="11" count="1" type="stmt"/>
          <line num="13" count="1" type="stmt"/>
          <line num="18" count="1" type="stmt"/>
        </file>
      </package>
      <package name="Letter">
        <metrics statements="9" coveredstatements="9" conditionals="6" coveredconditionals="3" methods="2" coveredmethods="2"/>
        <file name="Letter.tsx" path="C:\Users\Lucas\Documents\GIT\cawsp\src\components\Letter\Letter.tsx">
          <metrics statements="9" coveredstatements="9" conditionals="6" coveredconditionals="3" methods="2" coveredmethods="2"/>
          <line num="1" count="1" type="stmt"/>
          <line num="2" count="1" type="stmt"/>
          <line num="14" count="1" type="stmt"/>
          <line num="16" count="1" type="stmt"/>
          <line num="18" count="1" type="stmt"/>
          <line num="23" count="1" type="cond" truecount="1" falsecount="1"/>
          <line num="24" count="1" type="cond" truecount="1" falsecount="1"/>
          <line num="25" count="1" type="cond" truecount="1" falsecount="1"/>
          <line num="26" count="1" type="stmt"/>
        </file>
      </package>
      <package name="Logo">
        <metrics statements="5" coveredstatements="5" conditionals="2" coveredconditionals="1" methods="1" coveredmethods="1"/>
        <file name="Logo.tsx" path="C:\Users\Lucas\Documents\GIT\cawsp\src\components\Logo\Logo.tsx">
          <metrics statements="5" coveredstatements="5" conditionals="2" coveredconditionals="1" methods="1" coveredmethods="1"/>
          <line num="1" count="1" type="stmt"/>
          <line num="2" count="1" type="stmt"/>
          <line num="8" count="1" type="stmt"/>
          <line num="9" count="1" type="cond" truecount="1" falsecount="1"/>
          <line num="10" count="1" type="stmt"/>
        </file>
      </package>
      <package name="Menu">
        <metrics statements="7" coveredstatements="7" conditionals="2" coveredconditionals="1" methods="2" coveredmethods="2"/>
        <file name="Menu.tsx" path="C:\Users\Lucas\Documents\GIT\cawsp\src\components\Menu\Menu.tsx">
          <metrics statements="7" coveredstatements="7" conditionals="2" coveredconditionals="1" methods="2" coveredmethods="2"/>
          <line num="1" count="1" type="stmt"/>
          <line num="2" count="1" type="stmt"/>
          <line num="15" count="1" type="stmt"/>
          <line num="16" count="1" type="cond" truecount="1" falsecount="1"/>
          <line num="20" count="1" type="stmt"/>
          <line num="27" count="1" type="stmt"/>
          <line num="28" count="2" type="stmt"/>
        </file>
      </package>
      <package name="MobileMenu">
        <metrics statements="8" coveredstatements="8" conditionals="8" coveredconditionals="4" methods="1" coveredmethods="1"/>
        <file name="MobileMenu.tsx" path="C:\Users\Lucas\Documents\GIT\cawsp\src\components\MobileMenu\MobileMenu.tsx">
          <metrics statements="8" coveredstatements="8" conditionals="8" coveredconditionals="4" methods="1" coveredmethods="1"/>
          <line num="1" count="1" type="stmt"/>
          <line num="2" count="1" type="stmt"/>
          <line num="10" count="1" type="stmt"/>
          <line num="11" count="1" type="cond" truecount="1" falsecount="1"/>
          <line num="12" count="1" type="cond" truecount="1" falsecount="1"/>
          <line num="13" count="1" type="cond" truecount="1" falsecount="1"/>
          <line num="14" count="1" type="cond" truecount="1" falsecount="1"/>
          <line num="15" count="1" type="stmt"/>
        </file>
      </package>
    </metrics>
  </project>
</coverage>
