{"C:\\Users\\Lucas\\Documents\\GIT\\cawsp\\src\\components\\Base\\Button\\Button.tsx": {"path":"C:\\Users\\Lucas\\Documents\\GIT\\cawsp\\src\\components\\Base\\Button\\Button.tsx","statementMap":{"0":{"start":{"line":1,"column":0},"end":{"line":1,"column":30}},"1":{"start":{"line":2,"column":0},"end":{"line":2,"column":30}},"2":{"start":{"line":54,"column":8},"end":{"line":54,"column":21}},"3":{"start":{"line":62,"column":4},"end":{"line":65,"column":5}},"4":{"start":{"line":63,"column":8},"end":{"line":63,"column":37}},"5":{"start":{"line":64,"column":8},"end":{"line":64,"column":29}},"6":{"start":{"line":67,"column":4},"end":{"line":71,"column":5}},"7":{"start":{"line":68,"column":21},"end":{"line":68,"column":38}},"8":{"start":{"line":69,"column":8},"end":{"line":69,"column":37}},"9":{"start":{"line":69,"column":22},"end":{"line":69,"column":37}},"10":{"start":{"line":70,"column":8},"end":{"line":70,"column":42}},"11":{"start":{"line":73,"column":4},"end":{"line":75,"column":5}},"12":{"start":{"line":74,"column":8},"end":{"line":74,"column":32}},"13":{"start":{"line":77,"column":4},"end":{"line":96,"column":5}},"14":{"start":{"line":78,"column":8},"end":{"line":95,"column":11}},"15":{"start":{"line":79,"column":12},"end":{"line":94,"column":13}},"16":{"start":{"line":81,"column":16},"end":{"line":81,"column":62}},"17":{"start":{"line":83,"column":16},"end":{"line":93,"column":17}},"18":{"start":{"line":84,"column":20},"end":{"line":92,"column":23}},"19":{"start":{"line":55,"column":8},"end":{"line":58,"column":9}},"20":{"start":{"line":100,"column":42},"end":{"line":124,"column":9}},"21":{"start":{"line":126,"column":25},"end":{"line":126,"column":81}},"22":{"start":{"line":130,"column":35},"end":{"line":135,"column":9}},"23":{"start":{"line":137,"column":26},"end":{"line":137,"column":71}},"24":{"start":{"line":138,"column":25},"end":{"line":138,"column":67}},"25":{"start":{"line":139,"column":29},"end":{"line":139,"column":75}},"26":{"start":{"line":141,"column":8},"end":{"line":154,"column":10}},"27":{"start":{"line":145,"column":34},"end":{"line":145,"column":55}},"28":{"start":{"line":146,"column":34},"end":{"line":146,"column":56}},"29":{"start":{"line":147,"column":33},"end":{"line":147,"column":52}},"30":{"start":{"line":52,"column":0},"end":{"line":156,"column":1}},"31":{"start":{"line":159,"column":23},"end":{"line":168,"column":5}},"32":{"start":{"line":169,"column":4},"end":{"line":171,"column":6}},"33":{"start":{"line":158,"column":0},"end":{"line":172,"column":1}},"34":{"start":{"line":176,"column":33},"end":{"line":188,"column":5}},"35":{"start":{"line":190,"column":4},"end":{"line":192,"column":6}},"36":{"start":{"line":174,"column":0},"end":{"line":193,"column":1}},"37":{"start":{"line":208,"column":8},"end":{"line":208,"column":21}},"38":{"start":{"line":231,"column":4},"end":{"line":248,"column":5}},"39":{"start":{"line":232,"column":33},"end":{"line":232,"column":63}},"40":{"start":{"line":233,"column":42},"end":{"line":233,"column":71}},"41":{"start":{"line":236,"column":8},"end":{"line":236,"column":76}},"42":{"start":{"line":237,"column":8},"end":{"line":237,"column":94}},"43":{"start":{"line":242,"column":8},"end":{"line":247,"column":11}},"44":{"start":{"line":250,"column":4},"end":{"line":253,"column":5}},"45":{"start":{"line":251,"column":8},"end":{"line":251,"column":29}},"46":{"start":{"line":252,"column":8},"end":{"line":252,"column":29}},"47":{"start":{"line":255,"column":4},"end":{"line":268,"column":5}},"48":{"start":{"line":256,"column":8},"end":{"line":267,"column":11}},"49":{"start":{"line":259,"column":12},"end":{"line":266,"column":14}},"50":{"start":{"line":270,"column":4},"end":{"line":272,"column":6}},"51":{"start":{"line":271,"column":8},"end":{"line":271,"column":50}},"52":{"start":{"line":210,"column":8},"end":{"line":216,"column":9}},"53":{"start":{"line":221,"column":8},"end":{"line":221,"column":33}},"54":{"start":{"line":226,"column":8},"end":{"line":228,"column":9}},"55":{"start":{"line":227,"column":12},"end":{"line":227,"column":37}},"56":{"start":{"line":276,"column":37},"end":{"line":289,"column":9}},"57":{"start":{"line":291,"column":22},"end":{"line":293,"column":10}},"58":{"start":{"line":292,"column":12},"end":{"line":292,"column":110}},"59":{"start":{"line":295,"column":8},"end":{"line":300,"column":10}},"60":{"start":{"line":297,"column":84},"end":{"line":297,"column":111}},"61":{"start":{"line":203,"column":0},"end":{"line":303,"column":1}}},"fnMap":{"0":{"name":"(anonymous_0)","decl":{"start":{"line":53,"column":4},"end":{"line":53,"column":15}},"loc":{"start":{"line":53,"column":34},"end":{"line":59,"column":5}}},"1":{"name":"(anonymous_1)","decl":{"start":{"line":62,"column":14},"end":{"line":62,"column":15}},"loc":{"start":{"line":62,"column":24},"end":{"line":65,"column":5}}},"2":{"name":"(anonymous_2)","decl":{"start":{"line":67,"column":17},"end":{"line":67,"column":18}},"loc":{"start":{"line":67,"column":39},"end":{"line":71,"column":5}}},"3":{"name":"(anonymous_3)","decl":{"start":{"line":73,"column":15},"end":{"line":73,"column":16}},"loc":{"start":{"line":73,"column":35},"end":{"line":75,"column":5}}},"4":{"name":"(anonymous_4)","decl":{"start":{"line":77,"column":21},"end":{"line":77,"column":23}},"loc":{"start":{"line":77,"column":26},"end":{"line":96,"column":5}}},"5":{"name":"(anonymous_5)","decl":{"start":{"line":78,"column":54},"end":{"line":78,"column":55}},"loc":{"start":{"line":78,"column":73},"end":{"line":95,"column":9}}},"6":{"name":"(anonymous_6)","decl":{"start":{"line":98,"column":4},"end":{"line":98,"column":9}},"loc":{"start":{"line":98,"column":10},"end":{"line":155,"column":5}}},"7":{"name":"(anonymous_7)","decl":{"start":{"line":145,"column":30},"end":{"line":145,"column":31}},"loc":{"start":{"line":145,"column":34},"end":{"line":145,"column":55}}},"8":{"name":"(anonymous_8)","decl":{"start":{"line":146,"column":30},"end":{"line":146,"column":31}},"loc":{"start":{"line":146,"column":34},"end":{"line":146,"column":56}}},"9":{"name":"(anonymous_9)","decl":{"start":{"line":147,"column":29},"end":{"line":147,"column":30}},"loc":{"start":{"line":147,"column":33},"end":{"line":147,"column":52}}},"10":{"name":"ButtonContent","decl":{"start":{"line":158,"column":0},"end":{"line":158,"column":29}},"loc":{"start":{"line":158,"column":35},"end":{"line":172,"column":1}}},"11":{"name":"ActionButton","decl":{"start":{"line":174,"column":0},"end":{"line":174,"column":29}},"loc":{"start":{"line":174,"column":54},"end":{"line":193,"column":1}}},"12":{"name":"(anonymous_12)","decl":{"start":{"line":207,"column":4},"end":{"line":207,"column":15}},"loc":{"start":{"line":207,"column":37},"end":{"line":217,"column":5}}},"13":{"name":"(anonymous_13)","decl":{"start":{"line":231,"column":24},"end":{"line":231,"column":26}},"loc":{"start":{"line":231,"column":29},"end":{"line":248,"column":5}}},"14":{"name":"(anonymous_14)","decl":{"start":{"line":250,"column":14},"end":{"line":250,"column":16}},"loc":{"start":{"line":250,"column":19},"end":{"line":253,"column":5}}},"15":{"name":"(anonymous_15)","decl":{"start":{"line":255,"column":15},"end":{"line":255,"column":16}},"loc":{"start":{"line":255,"column":25},"end":{"line":268,"column":5}}},"16":{"name":"(anonymous_16)","decl":{"start":{"line":258,"column":11},"end":{"line":258,"column":12}},"loc":{"start":{"line":258,"column":15},"end":{"line":267,"column":9}}},"17":{"name":"(anonymous_17)","decl":{"start":{"line":270,"column":28},"end":{"line":270,"column":34}},"loc":{"start":{"line":270,"column":38},"end":{"line":272,"column":5}}},"18":{"name":"(anonymous_18)","decl":{"start":{"line":219,"column":4},"end":{"line":219,"column":20}},"loc":{"start":{"line":219,"column":21},"end":{"line":223,"column":5}}},"19":{"name":"(anonymous_19)","decl":{"start":{"line":225,"column":4},"end":{"line":225,"column":28}},"loc":{"start":{"line":225,"column":29},"end":{"line":229,"column":5}}},"20":{"name":"(anonymous_20)","decl":{"start":{"line":274,"column":4},"end":{"line":274,"column":9}},"loc":{"start":{"line":274,"column":10},"end":{"line":301,"column":5}}},"21":{"name":"(anonymous_21)","decl":{"start":{"line":291,"column":44},"end":{"line":291,"column":45}},"loc":{"start":{"line":291,"column":54},"end":{"line":293,"column":9}}},"22":{"name":"(anonymous_22)","decl":{"start":{"line":292,"column":88},"end":{"line":292,"column":89}},"loc":{"start":{"line":292,"column":92},"end":{"line":292,"column":94}}},"23":{"name":"(anonymous_23)","decl":{"start":{"line":297,"column":78},"end":{"line":297,"column":79}},"loc":{"start":{"line":297,"column":84},"end":{"line":297,"column":111}}}},"branchMap":{"0":{"loc":{"start":{"line":69,"column":8},"end":{"line":69,"column":37}},"type":"if","locations":[{"start":{"line":69,"column":8},"end":{"line":69,"column":37}},{"start":{"line":69,"column":8},"end":{"line":69,"column":37}}]},"1":{"loc":{"start":{"line":79,"column":12},"end":{"line":94,"column":13}},"type":"if","locations":[{"start":{"line":79,"column":12},"end":{"line":94,"column":13}},{"start":{"line":79,"column":12},"end":{"line":94,"column":13}}]},"2":{"loc":{"start":{"line":83,"column":16},"end":{"line":93,"column":17}},"type":"if","locations":[{"start":{"line":83,"column":16},"end":{"line":93,"column":17}},{"start":{"line":83,"column":16},"end":{"line":93,"column":17}}]},"3":{"loc":{"start":{"line":126,"column":59},"end":{"line":126,"column":76}},"type":"cond-expr","locations":[{"start":{"line":126,"column":59},"end":{"line":126,"column":76}},{"start":{"line":126,"column":79},"end":{"line":126,"column":81}}]},"4":{"loc":{"start":{"line":137,"column":48},"end":{"line":137,"column":66}},"type":"cond-expr","locations":[{"start":{"line":137,"column":48},"end":{"line":137,"column":66}},{"start":{"line":137,"column":69},"end":{"line":137,"column":71}}]},"5":{"loc":{"start":{"line":138,"column":45},"end":{"line":138,"column":62}},"type":"cond-expr","locations":[{"start":{"line":138,"column":45},"end":{"line":138,"column":62}},{"start":{"line":138,"column":65},"end":{"line":138,"column":67}}]},"6":{"loc":{"start":{"line":139,"column":49},"end":{"line":139,"column":70}},"type":"cond-expr","locations":[{"start":{"line":139,"column":49},"end":{"line":139,"column":70}},{"start":{"line":139,"column":73},"end":{"line":139,"column":75}}]},"7":{"loc":{"start":{"line":226,"column":8},"end":{"line":228,"column":9}},"type":"if","locations":[{"start":{"line":226,"column":8},"end":{"line":228,"column":9}},{"start":{"line":226,"column":8},"end":{"line":228,"column":9}}]},"8":{"loc":{"start":{"line":226,"column":11},"end":{"line":226,"column":37}},"type":"binary-expr","locations":[{"start":{"line":226,"column":11},"end":{"line":226,"column":37}},{"start":{"line":226,"column":41},"end":{"line":226,"column":67}}]}},"s":{"0":5,"1":5,"2":1,"3":1,"4":0,"5":0,"6":1,"7":0,"8":0,"9":0,"10":0,"11":1,"12":0,"13":1,"14":0,"15":0,"16":0,"17":0,"18":0,"19":1,"20":1,"21":1,"22":1,"23":1,"24":1,"25":1,"26":1,"27":0,"28":0,"29":0,"30":5,"31":0,"32":0,"33":5,"34":0,"35":0,"36":5,"37":0,"38":0,"39":0,"40":0,"41":0,"42":0,"43":0,"44":0,"45":0,"46":0,"47":0,"48":0,"49":0,"50":0,"51":0,"52":0,"53":0,"54":0,"55":0,"56":0,"57":0,"58":0,"59":0,"60":0,"61":5},"f":{"0":1,"1":0,"2":0,"3":0,"4":0,"5":0,"6":1,"7":0,"8":0,"9":0,"10":0,"11":0,"12":0,"13":0,"14":0,"15":0,"16":0,"17":0,"18":0,"19":0,"20":0,"21":0,"22":0,"23":0},"b":{"0":[0,0],"1":[0,0],"2":[0,0],"3":[0,1],"4":[0,1],"5":[0,1],"6":[0,1],"7":[0,0],"8":[0,0]}}
,"C:\\Users\\Lucas\\Documents\\GIT\\cawsp\\src\\components\\Base\\Button\\index.tsx": {"path":"C:\\Users\\Lucas\\Documents\\GIT\\cawsp\\src\\components\\Base\\Button\\index.tsx","statementMap":{"0":{"start":{"line":1,"column":0},"end":{"line":1,"column":87}},"1":{"start":{"line":1,"column":8},"end":{"line":1,"column":14}},"2":{"start":{"line":1,"column":16},"end":{"line":1,"column":29}},"3":{"start":{"line":1,"column":31},"end":{"line":1,"column":44}},"4":{"start":{"line":1,"column":46},"end":{"line":1,"column":58}},"5":{"start":{"line":1,"column":60},"end":{"line":1,"column":70}}},"fnMap":{},"branchMap":{},"s":{"0":4,"1":4,"2":4,"3":4,"4":4,"5":4},"f":{},"b":{}}
,"C:\\Users\\Lucas\\Documents\\GIT\\cawsp\\src\\components\\Base\\Checkbox\\Checkbox.tsx": {"path":"C:\\Users\\Lucas\\Documents\\GIT\\cawsp\\src\\components\\Base\\Checkbox\\Checkbox.tsx","statementMap":{"0":{"start":{"line":1,"column":0},"end":{"line":1,"column":30}},"1":{"start":{"line":2,"column":0},"end":{"line":2,"column":26}},"2":{"start":{"line":3,"column":0},"end":{"line":3,"column":30}},"3":{"start":{"line":5,"column":20},"end":{"line":8,"column":1}},"4":{"start":{"line":10,"column":18},"end":{"line":13,"column":1}},"5":{"start":{"line":40,"column":8},"end":{"line":40,"column":21}},"6":{"start":{"line":65,"column":4},"end":{"line":67,"column":6}},"7":{"start":{"line":66,"column":8},"end":{"line":66,"column":48}},"8":{"start":{"line":69,"column":4},"end":{"line":83,"column":5}},"9":{"start":{"line":70,"column":31},"end":{"line":70,"column":61}},"10":{"start":{"line":71,"column":40},"end":{"line":71,"column":69}},"11":{"start":{"line":74,"column":8},"end":{"line":74,"column":72}},"12":{"start":{"line":75,"column":8},"end":{"line":75,"column":90}},"13":{"start":{"line":77,"column":8},"end":{"line":82,"column":11}},"14":{"start":{"line":85,"column":4},"end":{"line":95,"column":5}},"15":{"start":{"line":86,"column":8},"end":{"line":94,"column":9}},"16":{"start":{"line":87,"column":26},"end":{"line":87,"column":100}},"17":{"start":{"line":88,"column":12},"end":{"line":88,"column":46}},"18":{"start":{"line":89,"column":12},"end":{"line":89,"column":84}},"19":{"start":{"line":93,"column":12},"end":{"line":93,"column":33}},"20":{"start":{"line":97,"column":4},"end":{"line":110,"column":5}},"21":{"start":{"line":98,"column":8},"end":{"line":109,"column":11}},"22":{"start":{"line":101,"column":12},"end":{"line":108,"column":14}},"23":{"start":{"line":112,"column":4},"end":{"line":114,"column":5}},"24":{"start":{"line":42,"column":8},"end":{"line":49,"column":9}},"25":{"start":{"line":55,"column":8},"end":{"line":55,"column":35}},"26":{"start":{"line":60,"column":8},"end":{"line":62,"column":9}},"27":{"start":{"line":61,"column":12},"end":{"line":61,"column":39}},"28":{"start":{"line":118,"column":41},"end":{"line":118,"column":51}},"29":{"start":{"line":120,"column":23},"end":{"line":120,"column":81}},"30":{"start":{"line":122,"column":24},"end":{"line":122,"column":98}},"31":{"start":{"line":124,"column":23},"end":{"line":124,"column":61}},"32":{"start":{"line":126,"column":20},"end":{"line":126,"column":45}},"33":{"start":{"line":127,"column":26},"end":{"line":127,"column":54}},"34":{"start":{"line":129,"column":22},"end":{"line":129,"column":93}},"35":{"start":{"line":131,"column":21},"end":{"line":145,"column":9}},"36":{"start":{"line":147,"column":22},"end":{"line":149,"column":10}},"37":{"start":{"line":148,"column":12},"end":{"line":148,"column":132}},"38":{"start":{"line":151,"column":8},"end":{"line":157,"column":10}},"39":{"start":{"line":153,"column":53},"end":{"line":153,"column":78}},"40":{"start":{"line":35,"column":0},"end":{"line":159,"column":1}}},"fnMap":{"0":{"name":"(anonymous_0)","decl":{"start":{"line":39,"column":4},"end":{"line":39,"column":15}},"loc":{"start":{"line":39,"column":36},"end":{"line":51,"column":5}}},"1":{"name":"(anonymous_1)","decl":{"start":{"line":65,"column":30},"end":{"line":65,"column":36}},"loc":{"start":{"line":65,"column":40},"end":{"line":67,"column":5}}},"2":{"name":"(anonymous_2)","decl":{"start":{"line":69,"column":26},"end":{"line":69,"column":28}},"loc":{"start":{"line":69,"column":31},"end":{"line":83,"column":5}}},"3":{"name":"(anonymous_3)","decl":{"start":{"line":85,"column":14},"end":{"line":85,"column":15}},"loc":{"start":{"line":85,"column":23},"end":{"line":95,"column":5}}},"4":{"name":"(anonymous_4)","decl":{"start":{"line":97,"column":15},"end":{"line":97,"column":16}},"loc":{"start":{"line":97,"column":25},"end":{"line":110,"column":5}}},"5":{"name":"(anonymous_5)","decl":{"start":{"line":100,"column":11},"end":{"line":100,"column":12}},"loc":{"start":{"line":100,"column":15},"end":{"line":109,"column":9}}},"6":{"name":"(anonymous_6)","decl":{"start":{"line":112,"column":23},"end":{"line":112,"column":25}},"loc":{"start":{"line":112,"column":28},"end":{"line":114,"column":5}}},"7":{"name":"(anonymous_7)","decl":{"start":{"line":53,"column":4},"end":{"line":53,"column":20}},"loc":{"start":{"line":53,"column":21},"end":{"line":57,"column":5}}},"8":{"name":"(anonymous_8)","decl":{"start":{"line":59,"column":4},"end":{"line":59,"column":28}},"loc":{"start":{"line":59,"column":29},"end":{"line":63,"column":5}}},"9":{"name":"(anonymous_9)","decl":{"start":{"line":116,"column":4},"end":{"line":116,"column":9}},"loc":{"start":{"line":116,"column":10},"end":{"line":158,"column":5}}},"10":{"name":"(anonymous_10)","decl":{"start":{"line":147,"column":44},"end":{"line":147,"column":45}},"loc":{"start":{"line":147,"column":54},"end":{"line":149,"column":9}}},"11":{"name":"(anonymous_11)","decl":{"start":{"line":153,"column":47},"end":{"line":153,"column":48}},"loc":{"start":{"line":153,"column":53},"end":{"line":153,"column":78}}}},"branchMap":{"0":{"loc":{"start":{"line":86,"column":8},"end":{"line":94,"column":9}},"type":"if","locations":[{"start":{"line":86,"column":8},"end":{"line":94,"column":9}},{"start":{"line":86,"column":8},"end":{"line":94,"column":9}}]},"1":{"loc":{"start":{"line":87,"column":61},"end":{"line":87,"column":79}},"type":"cond-expr","locations":[{"start":{"line":87,"column":61},"end":{"line":87,"column":79}},{"start":{"line":87,"column":82},"end":{"line":87,"column":100}}]},"2":{"loc":{"start":{"line":89,"column":47},"end":{"line":89,"column":76}},"type":"cond-expr","locations":[{"start":{"line":89,"column":47},"end":{"line":89,"column":76}},{"start":{"line":89,"column":79},"end":{"line":89,"column":83}}]},"3":{"loc":{"start":{"line":60,"column":8},"end":{"line":62,"column":9}},"type":"if","locations":[{"start":{"line":60,"column":8},"end":{"line":62,"column":9}},{"start":{"line":60,"column":8},"end":{"line":62,"column":9}}]},"4":{"loc":{"start":{"line":60,"column":11},"end":{"line":60,"column":37}},"type":"binary-expr","locations":[{"start":{"line":60,"column":11},"end":{"line":60,"column":37}},{"start":{"line":60,"column":41},"end":{"line":60,"column":67}}]},"5":{"loc":{"start":{"line":120,"column":55},"end":{"line":120,"column":70}},"type":"cond-expr","locations":[{"start":{"line":120,"column":55},"end":{"line":120,"column":70}},{"start":{"line":120,"column":73},"end":{"line":120,"column":81}}]},"6":{"loc":{"start":{"line":122,"column":59},"end":{"line":122,"column":77}},"type":"cond-expr","locations":[{"start":{"line":122,"column":59},"end":{"line":122,"column":77}},{"start":{"line":122,"column":80},"end":{"line":122,"column":98}}]},"7":{"loc":{"start":{"line":124,"column":34},"end":{"line":124,"column":45}},"type":"cond-expr","locations":[{"start":{"line":124,"column":34},"end":{"line":124,"column":45}},{"start":{"line":124,"column":48},"end":{"line":124,"column":61}}]},"8":{"loc":{"start":{"line":126,"column":30},"end":{"line":126,"column":36}},"type":"cond-expr","locations":[{"start":{"line":126,"column":30},"end":{"line":126,"column":36}},{"start":{"line":126,"column":39},"end":{"line":126,"column":45}}]},"9":{"loc":{"start":{"line":127,"column":36},"end":{"line":127,"column":42}},"type":"cond-expr","locations":[{"start":{"line":127,"column":36},"end":{"line":127,"column":42}},{"start":{"line":127,"column":45},"end":{"line":127,"column":54}}]},"10":{"loc":{"start":{"line":129,"column":55},"end":{"line":129,"column":71}},"type":"cond-expr","locations":[{"start":{"line":129,"column":55},"end":{"line":129,"column":71}},{"start":{"line":129,"column":74},"end":{"line":129,"column":93}}]}},"s":{"0":2,"1":2,"2":2,"3":2,"4":2,"5":0,"6":0,"7":0,"8":0,"9":0,"10":0,"11":0,"12":0,"13":0,"14":0,"15":0,"16":0,"17":0,"18":0,"19":0,"20":0,"21":0,"22":0,"23":0,"24":0,"25":0,"26":0,"27":0,"28":0,"29":0,"30":0,"31":0,"32":0,"33":0,"34":0,"35":0,"36":0,"37":0,"38":0,"39":0,"40":2},"f":{"0":0,"1":0,"2":0,"3":0,"4":0,"5":0,"6":0,"7":0,"8":0,"9":0,"10":0,"11":0},"b":{"0":[0,0],"1":[0,0],"2":[0,0],"3":[0,0],"4":[0,0],"5":[0,0],"6":[0,0],"7":[0,0],"8":[0,0],"9":[0,0],"10":[0,0]}}
,"C:\\Users\\Lucas\\Documents\\GIT\\cawsp\\src\\components\\Base\\Checkbox\\index.tsx": {"path":"C:\\Users\\Lucas\\Documents\\GIT\\cawsp\\src\\components\\Base\\Checkbox\\index.tsx","statementMap":{"0":{"start":{"line":1,"column":0},"end":{"line":1,"column":36}},"1":{"start":{"line":1,"column":9},"end":{"line":1,"column":16}}},"fnMap":{},"branchMap":{},"s":{"0":1,"1":1},"f":{},"b":{}}
,"C:\\Users\\Lucas\\Documents\\GIT\\cawsp\\src\\components\\Base\\Icon\\Icon.fn.tsx": {"path":"C:\\Users\\Lucas\\Documents\\GIT\\cawsp\\src\\components\\Base\\Icon\\Icon.fn.tsx","statementMap":{"0":{"start":{"line":1,"column":13},"end":{"line":62,"column":1}}},"fnMap":{},"branchMap":{},"s":{"0":7},"f":{},"b":{}}
,"C:\\Users\\Lucas\\Documents\\GIT\\cawsp\\src\\components\\Base\\Icon\\Icon.tsx": {"path":"C:\\Users\\Lucas\\Documents\\GIT\\cawsp\\src\\components\\Base\\Icon\\Icon.tsx","statementMap":{"0":{"start":{"line":1,"column":0},"end":{"line":1,"column":30}},"1":{"start":{"line":2,"column":0},"end":{"line":2,"column":33}},"2":{"start":{"line":3,"column":0},"end":{"line":3,"column":33}},"3":{"start":{"line":13,"column":0},"end":{"line":28,"column":1}},"4":{"start":{"line":14,"column":4},"end":{"line":14,"column":28}},"5":{"start":{"line":15,"column":4},"end":{"line":15,"column":17}},"6":{"start":{"line":16,"column":4},"end":{"line":16,"column":28}},"7":{"start":{"line":17,"column":4},"end":{"line":17,"column":23}},"8":{"start":{"line":18,"column":4},"end":{"line":18,"column":15}},"9":{"start":{"line":19,"column":4},"end":{"line":19,"column":28}},"10":{"start":{"line":20,"column":4},"end":{"line":20,"column":32}},"11":{"start":{"line":21,"column":4},"end":{"line":21,"column":21}},"12":{"start":{"line":22,"column":4},"end":{"line":22,"column":32}},"13":{"start":{"line":23,"column":4},"end":{"line":23,"column":28}},"14":{"start":{"line":24,"column":4},"end":{"line":24,"column":17}},"15":{"start":{"line":25,"column":4},"end":{"line":25,"column":28}},"16":{"start":{"line":26,"column":4},"end":{"line":26,"column":30}},"17":{"start":{"line":27,"column":4},"end":{"line":27,"column":19}},"18":{"start":{"line":53,"column":8},"end":{"line":53,"column":21}},"19":{"start":{"line":56,"column":8},"end":{"line":57,"column":9}},"20":{"start":{"line":61,"column":36},"end":{"line":61,"column":46}},"21":{"start":{"line":62,"column":21},"end":{"line":62,"column":23}},"22":{"start":{"line":64,"column":8},"end":{"line":77,"column":9}},"23":{"start":{"line":66,"column":16},"end":{"line":66,"column":28}},"24":{"start":{"line":67,"column":16},"end":{"line":67,"column":22}},"25":{"start":{"line":69,"column":16},"end":{"line":69,"column":28}},"26":{"start":{"line":70,"column":16},"end":{"line":70,"column":22}},"27":{"start":{"line":72,"column":16},"end":{"line":72,"column":28}},"28":{"start":{"line":73,"column":16},"end":{"line":73,"column":22}},"29":{"start":{"line":75,"column":16},"end":{"line":75,"column":28}},"30":{"start":{"line":76,"column":16},"end":{"line":76,"column":22}},"31":{"start":{"line":79,"column":40},"end":{"line":87,"column":9}},"32":{"start":{"line":89,"column":19},"end":{"line":89,"column":66}},"33":{"start":{"line":91,"column":25},"end":{"line":91,"column":72}},"34":{"start":{"line":93,"column":8},"end":{"line":93,"column":57}},"35":{"start":{"line":95,"column":21},"end":{"line":95,"column":56}},"36":{"start":{"line":96,"column":8},"end":{"line":100,"column":10}},"37":{"start":{"line":51,"column":0},"end":{"line":102,"column":1}}},"fnMap":{"0":{"name":"(anonymous_0)","decl":{"start":{"line":13,"column":0},"end":{"line":13,"column":11}},"loc":{"start":{"line":13,"column":21},"end":{"line":28,"column":1}}},"1":{"name":"(anonymous_1)","decl":{"start":{"line":52,"column":4},"end":{"line":52,"column":15}},"loc":{"start":{"line":52,"column":32},"end":{"line":58,"column":5}}},"2":{"name":"(anonymous_2)","decl":{"start":{"line":60,"column":4},"end":{"line":60,"column":9}},"loc":{"start":{"line":60,"column":10},"end":{"line":101,"column":5}}}},"branchMap":{"0":{"loc":{"start":{"line":13,"column":12},"end":{"line":13,"column":21}},"type":"binary-expr","locations":[{"start":{"line":13,"column":12},"end":{"line":13,"column":21}},{"start":{"line":13,"column":12},"end":{"line":13,"column":21}}]},"1":{"loc":{"start":{"line":65,"column":12},"end":{"line":67,"column":22}},"type":"switch","locations":[{"start":{"line":65,"column":12},"end":{"line":67,"column":22}},{"start":{"line":68,"column":12},"end":{"line":70,"column":22}},{"start":{"line":71,"column":12},"end":{"line":73,"column":22}},{"start":{"line":74,"column":12},"end":{"line":76,"column":22}}]},"2":{"loc":{"start":{"line":89,"column":48},"end":{"line":89,"column":59}},"type":"cond-expr","locations":[{"start":{"line":89,"column":48},"end":{"line":89,"column":59}},{"start":{"line":89,"column":62},"end":{"line":89,"column":66}}]},"3":{"loc":{"start":{"line":93,"column":25},"end":{"line":93,"column":49}},"type":"cond-expr","locations":[{"start":{"line":93,"column":25},"end":{"line":93,"column":49}},{"start":{"line":93,"column":52},"end":{"line":93,"column":56}}]},"4":{"loc":{"start":{"line":95,"column":41},"end":{"line":95,"column":51}},"type":"cond-expr","locations":[{"start":{"line":95,"column":41},"end":{"line":95,"column":51}},{"start":{"line":95,"column":54},"end":{"line":95,"column":56}}]}},"s":{"0":7,"1":7,"2":7,"3":7,"4":7,"5":7,"6":7,"7":7,"8":7,"9":7,"10":7,"11":7,"12":7,"13":7,"14":7,"15":7,"16":7,"17":7,"18":3,"19":3,"20":3,"21":3,"22":3,"23":0,"24":0,"25":0,"26":0,"27":0,"28":0,"29":0,"30":0,"31":3,"32":3,"33":3,"34":3,"35":3,"36":3,"37":7},"f":{"0":7,"1":3,"2":3},"b":{"0":[7,7],"1":[0,0,0,0],"2":[2,1],"3":[0,3],"4":[0,3]}}
,"C:\\Users\\Lucas\\Documents\\GIT\\cawsp\\src\\components\\Base\\Icon\\index.tsx": {"path":"C:\\Users\\Lucas\\Documents\\GIT\\cawsp\\src\\components\\Base\\Icon\\index.tsx","statementMap":{"0":{"start":{"line":1,"column":0},"end":{"line":1,"column":32}},"1":{"start":{"line":1,"column":9},"end":{"line":1,"column":16}},"2":{"start":{"line":2,"column":0},"end":{"line":2,"column":47}},"3":{"start":{"line":2,"column":9},"end":{"line":2,"column":18}},"4":{"start":{"line":2,"column":20},"end":{"line":2,"column":31}}},"fnMap":{},"branchMap":{},"s":{"0":6,"1":6,"2":6,"3":6,"4":6},"f":{},"b":{}}
,"C:\\Users\\Lucas\\Documents\\GIT\\cawsp\\src\\components\\Base\\Link\\Link.tsx": {"path":"C:\\Users\\Lucas\\Documents\\GIT\\cawsp\\src\\components\\Base\\Link\\Link.tsx","statementMap":{"0":{"start":{"line":1,"column":0},"end":{"line":1,"column":30}},"1":{"start":{"line":15,"column":4},"end":{"line":15,"column":17}},"2":{"start":{"line":23,"column":2},"end":{"line":25,"column":3}},"3":{"start":{"line":24,"column":6},"end":{"line":24,"column":38}},"4":{"start":{"line":27,"column":2},"end":{"line":29,"column":3}},"5":{"start":{"line":28,"column":6},"end":{"line":28,"column":39}},"6":{"start":{"line":17,"column":8},"end":{"line":20,"column":9}},"7":{"start":{"line":33,"column":19},"end":{"line":43,"column":5}},"8":{"start":{"line":45,"column":28},"end":{"line":45,"column":38}},"9":{"start":{"line":47,"column":4},"end":{"line":54,"column":6}},"10":{"start":{"line":13,"column":0},"end":{"line":56,"column":1}},"11":{"start":{"line":64,"column":21},"end":{"line":83,"column":9}},"12":{"start":{"line":85,"column":20},"end":{"line":85,"column":66}},"13":{"start":{"line":87,"column":8},"end":{"line":89,"column":10}},"14":{"start":{"line":62,"column":0},"end":{"line":90,"column":1}}},"fnMap":{"0":{"name":"(anonymous_0)","decl":{"start":{"line":14,"column":2},"end":{"line":14,"column":13}},"loc":{"start":{"line":14,"column":30},"end":{"line":21,"column":3}}},"1":{"name":"(anonymous_1)","decl":{"start":{"line":23,"column":15},"end":{"line":23,"column":17}},"loc":{"start":{"line":23,"column":20},"end":{"line":25,"column":3}}},"2":{"name":"(anonymous_2)","decl":{"start":{"line":27,"column":13},"end":{"line":27,"column":15}},"loc":{"start":{"line":27,"column":18},"end":{"line":29,"column":3}}},"3":{"name":"(anonymous_3)","decl":{"start":{"line":31,"column":2},"end":{"line":31,"column":7}},"loc":{"start":{"line":31,"column":8},"end":{"line":55,"column":3}}},"4":{"name":"Underline","decl":{"start":{"line":62,"column":0},"end":{"line":62,"column":26}},"loc":{"start":{"line":62,"column":47},"end":{"line":90,"column":1}}}},"branchMap":{"0":{"loc":{"start":{"line":85,"column":35},"end":{"line":85,"column":50}},"type":"cond-expr","locations":[{"start":{"line":85,"column":35},"end":{"line":85,"column":50}},{"start":{"line":85,"column":53},"end":{"line":85,"column":66}}]}},"s":{"0":1,"1":1,"2":1,"3":0,"4":1,"5":0,"6":1,"7":1,"8":1,"9":1,"10":1,"11":0,"12":0,"13":0,"14":1},"f":{"0":1,"1":0,"2":0,"3":1,"4":0},"b":{"0":[0,0]}}
,"C:\\Users\\Lucas\\Documents\\GIT\\cawsp\\src\\components\\Base\\Overlay\\Overlay.tsx": {"path":"C:\\Users\\Lucas\\Documents\\GIT\\cawsp\\src\\components\\Base\\Overlay\\Overlay.tsx","statementMap":{"0":{"start":{"line":1,"column":0},"end":{"line":1,"column":30}},"1":{"start":{"line":2,"column":0},"end":{"line":2,"column":39}},"2":{"start":{"line":12,"column":8},"end":{"line":12,"column":21}},"3":{"start":{"line":33,"column":4},"end":{"line":35,"column":5}},"4":{"start":{"line":34,"column":8},"end":{"line":34,"column":29}},"5":{"start":{"line":37,"column":4},"end":{"line":39,"column":5}},"6":{"start":{"line":38,"column":8},"end":{"line":38,"column":62}},"7":{"start":{"line":38,"column":31},"end":{"line":38,"column":62}},"8":{"start":{"line":14,"column":8},"end":{"line":17,"column":9}},"9":{"start":{"line":21,"column":8},"end":{"line":30,"column":9}},"10":{"start":{"line":22,"column":12},"end":{"line":27,"column":15}},"11":{"start":{"line":23,"column":16},"end":{"line":25,"column":23}},"12":{"start":{"line":24,"column":20},"end":{"line":24,"column":51}},"13":{"start":{"line":28,"column":15},"end":{"line":30,"column":9}},"14":{"start":{"line":29,"column":12},"end":{"line":29,"column":43}},"15":{"start":{"line":42,"column":8},"end":{"line":46,"column":10}},"16":{"start":{"line":43,"column":152},"end":{"line":43,"column":194}},"17":{"start":{"line":9,"column":0},"end":{"line":49,"column":1}},"18":{"start":{"line":60,"column":22},"end":{"line":60,"column":60}},"19":{"start":{"line":61,"column":22},"end":{"line":61,"column":60}},"20":{"start":{"line":64,"column":8},"end":{"line":64,"column":41}},"21":{"start":{"line":68,"column":8},"end":{"line":68,"column":71}},"22":{"start":{"line":73,"column":8},"end":{"line":73,"column":32}},"23":{"start":{"line":76,"column":4},"end":{"line":82,"column":6}},"24":{"start":{"line":59,"column":0},"end":{"line":83,"column":1}}},"fnMap":{"0":{"name":"(anonymous_0)","decl":{"start":{"line":11,"column":4},"end":{"line":11,"column":15}},"loc":{"start":{"line":11,"column":35},"end":{"line":18,"column":5}}},"1":{"name":"(anonymous_1)","decl":{"start":{"line":33,"column":26},"end":{"line":33,"column":28}},"loc":{"start":{"line":33,"column":31},"end":{"line":35,"column":5}}},"2":{"name":"(anonymous_2)","decl":{"start":{"line":37,"column":24},"end":{"line":37,"column":25}},"loc":{"start":{"line":37,"column":55},"end":{"line":39,"column":5}}},"3":{"name":"(anonymous_3)","decl":{"start":{"line":20,"column":4},"end":{"line":20,"column":28}},"loc":{"start":{"line":20,"column":51},"end":{"line":31,"column":5}}},"4":{"name":"(anonymous_4)","decl":{"start":{"line":22,"column":43},"end":{"line":22,"column":44}},"loc":{"start":{"line":22,"column":47},"end":{"line":27,"column":13}}},"5":{"name":"(anonymous_5)","decl":{"start":{"line":23,"column":27},"end":{"line":23,"column":28}},"loc":{"start":{"line":23,"column":31},"end":{"line":25,"column":17}}},"6":{"name":"(anonymous_6)","decl":{"start":{"line":41,"column":4},"end":{"line":41,"column":9}},"loc":{"start":{"line":41,"column":10},"end":{"line":47,"column":5}}},"7":{"name":"(anonymous_7)","decl":{"start":{"line":43,"column":130},"end":{"line":43,"column":131}},"loc":{"start":{"line":43,"column":152},"end":{"line":43,"column":194}}},"8":{"name":"Dimmer","decl":{"start":{"line":59,"column":0},"end":{"line":59,"column":23}},"loc":{"start":{"line":59,"column":42},"end":{"line":83,"column":1}}},"9":{"name":"onClick","decl":{"start":{"line":63,"column":4},"end":{"line":null,"column":-1}},"loc":{"start":{"line":63,"column":4},"end":{"line":65,"column":5}}},"10":{"name":"transitionEnd","decl":{"start":{"line":67,"column":4},"end":{"line":null,"column":-1}},"loc":{"start":{"line":67,"column":4},"end":{"line":69,"column":5}}},"11":{"name":"contentClick","decl":{"start":{"line":71,"column":4},"end":{"line":71,"column":26}},"loc":{"start":{"line":71,"column":32},"end":{"line":74,"column":5}}}},"branchMap":{"0":{"loc":{"start":{"line":38,"column":8},"end":{"line":38,"column":62}},"type":"if","locations":[{"start":{"line":38,"column":8},"end":{"line":38,"column":62}},{"start":{"line":38,"column":8},"end":{"line":38,"column":62}}]},"1":{"loc":{"start":{"line":21,"column":8},"end":{"line":30,"column":9}},"type":"if","locations":[{"start":{"line":21,"column":8},"end":{"line":30,"column":9}},{"start":{"line":21,"column":8},"end":{"line":30,"column":9}}]},"2":{"loc":{"start":{"line":21,"column":11},"end":{"line":21,"column":27}},"type":"binary-expr","locations":[{"start":{"line":21,"column":11},"end":{"line":21,"column":27}},{"start":{"line":21,"column":31},"end":{"line":21,"column":50}}]},"3":{"loc":{"start":{"line":28,"column":15},"end":{"line":30,"column":9}},"type":"if","locations":[{"start":{"line":28,"column":15},"end":{"line":30,"column":9}},{"start":{"line":28,"column":15},"end":{"line":30,"column":9}}]},"4":{"loc":{"start":{"line":28,"column":19},"end":{"line":28,"column":36}},"type":"binary-expr","locations":[{"start":{"line":28,"column":19},"end":{"line":28,"column":36}},{"start":{"line":28,"column":40},"end":{"line":28,"column":58}}]},"5":{"loc":{"start":{"line":60,"column":38},"end":{"line":60,"column":55}},"type":"cond-expr","locations":[{"start":{"line":60,"column":38},"end":{"line":60,"column":55}},{"start":{"line":60,"column":58},"end":{"line":60,"column":60}}]},"6":{"loc":{"start":{"line":61,"column":38},"end":{"line":61,"column":55}},"type":"cond-expr","locations":[{"start":{"line":61,"column":38},"end":{"line":61,"column":55}},{"start":{"line":61,"column":58},"end":{"line":61,"column":60}}]},"7":{"loc":{"start":{"line":64,"column":8},"end":{"line":64,"column":21}},"type":"binary-expr","locations":[{"start":{"line":64,"column":8},"end":{"line":64,"column":21}},{"start":{"line":64,"column":25},"end":{"line":64,"column":40}}]},"8":{"loc":{"start":{"line":68,"column":8},"end":{"line":68,"column":29}},"type":"binary-expr","locations":[{"start":{"line":68,"column":8},"end":{"line":68,"column":29}},{"start":{"line":68,"column":33},"end":{"line":68,"column":70}}]}},"s":{"0":1,"1":1,"2":1,"3":1,"4":0,"5":1,"6":0,"7":0,"8":1,"9":0,"10":0,"11":0,"12":0,"13":0,"14":0,"15":1,"16":0,"17":1,"18":1,"19":1,"20":0,"21":0,"22":0,"23":1,"24":1},"f":{"0":1,"1":0,"2":0,"3":0,"4":0,"5":0,"6":1,"7":0,"8":1,"9":0,"10":0,"11":0},"b":{"0":[0,0],"1":[0,0],"2":[0,0],"3":[0,0],"4":[0,0],"5":[0,1],"6":[1,0],"7":[0,0],"8":[0,0]}}
,"C:\\Users\\Lucas\\Documents\\GIT\\cawsp\\src\\components\\Base\\Pagination\\Pagination.tsx": {"path":"C:\\Users\\Lucas\\Documents\\GIT\\cawsp\\src\\components\\Base\\Pagination\\Pagination.tsx","statementMap":{"0":{"start":{"line":1,"column":0},"end":{"line":1,"column":30}},"1":{"start":{"line":4,"column":0},"end":{"line":4,"column":26}},"2":{"start":{"line":5,"column":0},"end":{"line":5,"column":38}},"3":{"start":{"line":7,"column":15},"end":{"line":10,"column":1}},"4":{"start":{"line":12,"column":19},"end":{"line":15,"column":1}},"5":{"start":{"line":30,"column":8},"end":{"line":30,"column":21}},"6":{"start":{"line":37,"column":4},"end":{"line":39,"column":5}},"7":{"start":{"line":38,"column":8},"end":{"line":38,"column":42}},"8":{"start":{"line":41,"column":4},"end":{"line":44,"column":5}},"9":{"start":{"line":42,"column":8},"end":{"line":43,"column":48}},"10":{"start":{"line":43,"column":8},"end":{"line":43,"column":48}},"11":{"start":{"line":46,"column":4},"end":{"line":49,"column":5}},"12":{"start":{"line":47,"column":8},"end":{"line":48,"column":48}},"13":{"start":{"line":48,"column":8},"end":{"line":48,"column":48}},"14":{"start":{"line":32,"column":8},"end":{"line":34,"column":9}},"15":{"start":{"line":52,"column":58},"end":{"line":52,"column":68}},"16":{"start":{"line":54,"column":19},"end":{"line":54,"column":83}},"17":{"start":{"line":56,"column":28},"end":{"line":56,"column":52}},"18":{"start":{"line":58,"column":21},"end":{"line":83,"column":9}},"19":{"start":{"line":85,"column":24},"end":{"line":85,"column":36}},"20":{"start":{"line":86,"column":26},"end":{"line":86,"column":61}},"21":{"start":{"line":88,"column":8},"end":{"line":94,"column":10}},"22":{"start":{"line":28,"column":0},"end":{"line":96,"column":1}}},"fnMap":{"0":{"name":"(anonymous_0)","decl":{"start":{"line":29,"column":4},"end":{"line":29,"column":15}},"loc":{"start":{"line":29,"column":38},"end":{"line":35,"column":5}}},"1":{"name":"(anonymous_1)","decl":{"start":{"line":37,"column":15},"end":{"line":37,"column":16}},"loc":{"start":{"line":37,"column":30},"end":{"line":39,"column":5}}},"2":{"name":"(anonymous_2)","decl":{"start":{"line":41,"column":15},"end":{"line":41,"column":17}},"loc":{"start":{"line":41,"column":20},"end":{"line":44,"column":5}}},"3":{"name":"(anonymous_3)","decl":{"start":{"line":46,"column":19},"end":{"line":46,"column":21}},"loc":{"start":{"line":46,"column":24},"end":{"line":49,"column":5}}},"4":{"name":"(anonymous_4)","decl":{"start":{"line":51,"column":4},"end":{"line":51,"column":9}},"loc":{"start":{"line":51,"column":10},"end":{"line":95,"column":5}}}},"branchMap":{"0":{"loc":{"start":{"line":42,"column":8},"end":{"line":43,"column":48}},"type":"if","locations":[{"start":{"line":42,"column":8},"end":{"line":43,"column":48}},{"start":{"line":42,"column":8},"end":{"line":43,"column":48}}]},"1":{"loc":{"start":{"line":47,"column":8},"end":{"line":48,"column":48}},"type":"if","locations":[{"start":{"line":47,"column":8},"end":{"line":48,"column":48}},{"start":{"line":47,"column":8},"end":{"line":48,"column":48}}]},"2":{"loc":{"start":{"line":54,"column":47},"end":{"line":54,"column":58}},"type":"cond-expr","locations":[{"start":{"line":54,"column":47},"end":{"line":54,"column":58}},{"start":{"line":54,"column":61},"end":{"line":54,"column":83}}]},"3":{"loc":{"start":{"line":86,"column":45},"end":{"line":86,"column":50}},"type":"cond-expr","locations":[{"start":{"line":86,"column":45},"end":{"line":86,"column":50}},{"start":{"line":86,"column":53},"end":{"line":86,"column":61}}]}},"s":{"0":2,"1":2,"2":2,"3":2,"4":2,"5":1,"6":1,"7":0,"8":1,"9":0,"10":0,"11":1,"12":0,"13":0,"14":1,"15":1,"16":1,"17":1,"18":1,"19":1,"20":1,"21":1,"22":2},"f":{"0":1,"1":0,"2":0,"3":0,"4":1},"b":{"0":[0,0],"1":[0,0],"2":[0,1],"3":[0,1]}}
,"C:\\Users\\Lucas\\Documents\\GIT\\cawsp\\src\\components\\Base\\Pagination\\index.tsx": {"path":"C:\\Users\\Lucas\\Documents\\GIT\\cawsp\\src\\components\\Base\\Pagination\\index.tsx","statementMap":{"0":{"start":{"line":1,"column":0},"end":{"line":1,"column":38}},"1":{"start":{"line":1,"column":9},"end":{"line":1,"column":16}}},"fnMap":{},"branchMap":{},"s":{"0":1,"1":1},"f":{},"b":{}}
,"C:\\Users\\Lucas\\Documents\\GIT\\cawsp\\src\\components\\Base\\Ripple\\Ripple.tsx": {"path":"C:\\Users\\Lucas\\Documents\\GIT\\cawsp\\src\\components\\Base\\Ripple\\Ripple.tsx","statementMap":{"0":{"start":{"line":1,"column":0},"end":{"line":1,"column":30}},"1":{"start":{"line":18,"column":8},"end":{"line":18,"column":21}},"2":{"start":{"line":32,"column":4},"end":{"line":38,"column":5}},"3":{"start":{"line":33,"column":8},"end":{"line":37,"column":11}},"4":{"start":{"line":34,"column":12},"end":{"line":36,"column":20}},"5":{"start":{"line":35,"column":16},"end":{"line":35,"column":33}},"6":{"start":{"line":40,"column":4},"end":{"line":46,"column":5}},"7":{"start":{"line":41,"column":8},"end":{"line":45,"column":11}},"8":{"start":{"line":42,"column":12},"end":{"line":44,"column":21}},"9":{"start":{"line":43,"column":16},"end":{"line":43,"column":35}},"10":{"start":{"line":48,"column":4},"end":{"line":50,"column":5}},"11":{"start":{"line":49,"column":8},"end":{"line":49,"column":32}},"12":{"start":{"line":20,"column":8},"end":{"line":23,"column":9}},"13":{"start":{"line":27,"column":8},"end":{"line":29,"column":15}},"14":{"start":{"line":28,"column":12},"end":{"line":28,"column":29}},"15":{"start":{"line":53,"column":22},"end":{"line":53,"column":24}},"16":{"start":{"line":55,"column":8},"end":{"line":65,"column":9}},"17":{"start":{"line":57,"column":16},"end":{"line":57,"column":29}},"18":{"start":{"line":58,"column":16},"end":{"line":58,"column":22}},"19":{"start":{"line":60,"column":16},"end":{"line":60,"column":30}},"20":{"start":{"line":61,"column":16},"end":{"line":61,"column":22}},"21":{"start":{"line":63,"column":16},"end":{"line":63,"column":30}},"22":{"start":{"line":64,"column":16},"end":{"line":64,"column":22}},"23":{"start":{"line":67,"column":21},"end":{"line":89,"column":9}},"24":{"start":{"line":91,"column":20},"end":{"line":91,"column":123}},"25":{"start":{"line":93,"column":8},"end":{"line":95,"column":10}},"26":{"start":{"line":16,"column":0},"end":{"line":97,"column":1}}},"fnMap":{"0":{"name":"(anonymous_0)","decl":{"start":{"line":17,"column":4},"end":{"line":17,"column":15}},"loc":{"start":{"line":17,"column":34},"end":{"line":24,"column":5}}},"1":{"name":"(anonymous_1)","decl":{"start":{"line":32,"column":16},"end":{"line":32,"column":17}},"loc":{"start":{"line":32,"column":20},"end":{"line":38,"column":5}}},"2":{"name":"(anonymous_2)","decl":{"start":{"line":33,"column":37},"end":{"line":33,"column":38}},"loc":{"start":{"line":33,"column":41},"end":{"line":37,"column":9}}},"3":{"name":"(anonymous_3)","decl":{"start":{"line":34,"column":23},"end":{"line":34,"column":24}},"loc":{"start":{"line":34,"column":27},"end":{"line":36,"column":13}}},"4":{"name":"(anonymous_4)","decl":{"start":{"line":40,"column":16},"end":{"line":40,"column":17}},"loc":{"start":{"line":40,"column":20},"end":{"line":46,"column":5}}},"5":{"name":"(anonymous_5)","decl":{"start":{"line":41,"column":38},"end":{"line":41,"column":39}},"loc":{"start":{"line":41,"column":42},"end":{"line":45,"column":9}}},"6":{"name":"(anonymous_6)","decl":{"start":{"line":42,"column":23},"end":{"line":42,"column":24}},"loc":{"start":{"line":42,"column":27},"end":{"line":44,"column":13}}},"7":{"name":"(anonymous_7)","decl":{"start":{"line":48,"column":18},"end":{"line":48,"column":19}},"loc":{"start":{"line":48,"column":22},"end":{"line":50,"column":5}}},"8":{"name":"(anonymous_8)","decl":{"start":{"line":26,"column":4},"end":{"line":26,"column":20}},"loc":{"start":{"line":26,"column":21},"end":{"line":30,"column":5}}},"9":{"name":"(anonymous_9)","decl":{"start":{"line":27,"column":19},"end":{"line":27,"column":20}},"loc":{"start":{"line":27,"column":23},"end":{"line":29,"column":9}}},"10":{"name":"(anonymous_10)","decl":{"start":{"line":52,"column":4},"end":{"line":52,"column":9}},"loc":{"start":{"line":52,"column":10},"end":{"line":96,"column":5}}}},"branchMap":{"0":{"loc":{"start":{"line":56,"column":12},"end":{"line":58,"column":22}},"type":"switch","locations":[{"start":{"line":56,"column":12},"end":{"line":58,"column":22}},{"start":{"line":59,"column":12},"end":{"line":61,"column":22}},{"start":{"line":62,"column":12},"end":{"line":64,"column":22}}]},"1":{"loc":{"start":{"line":73,"column":61},"end":{"line":73,"column":77}},"type":"cond-expr","locations":[{"start":{"line":73,"column":61},"end":{"line":73,"column":77}},{"start":{"line":73,"column":80},"end":{"line":73,"column":86}}]},"2":{"loc":{"start":{"line":91,"column":40},"end":{"line":91,"column":118}},"type":"cond-expr","locations":[{"start":{"line":91,"column":40},"end":{"line":91,"column":118}},{"start":{"line":91,"column":121},"end":{"line":91,"column":123}}]},"3":{"loc":{"start":{"line":91,"column":58},"end":{"line":91,"column":94}},"type":"cond-expr","locations":[{"start":{"line":91,"column":58},"end":{"line":91,"column":94}},{"start":{"line":91,"column":97},"end":{"line":91,"column":118}}]}},"s":{"0":7,"1":1,"2":1,"3":0,"4":0,"5":0,"6":1,"7":0,"8":0,"9":0,"10":1,"11":0,"12":1,"13":1,"14":0,"15":1,"16":1,"17":0,"18":0,"19":0,"20":0,"21":0,"22":0,"23":1,"24":1,"25":1,"26":7},"f":{"0":1,"1":0,"2":0,"3":0,"4":0,"5":0,"6":0,"7":0,"8":1,"9":0,"10":1},"b":{"0":[0,0,0],"1":[0,1],"2":[0,1],"3":[0,0]}}
,"C:\\Users\\Lucas\\Documents\\GIT\\cawsp\\src\\components\\Base\\Ripple\\index.tsx": {"path":"C:\\Users\\Lucas\\Documents\\GIT\\cawsp\\src\\components\\Base\\Ripple\\index.tsx","statementMap":{"0":{"start":{"line":1,"column":0},"end":{"line":1,"column":34}},"1":{"start":{"line":1,"column":9},"end":{"line":1,"column":16}}},"fnMap":{},"branchMap":{},"s":{"0":6,"1":6},"f":{},"b":{}}
,"C:\\Users\\Lucas\\Documents\\GIT\\cawsp\\src\\components\\Base\\Showcase\\Showcase.tsx": {"path":"C:\\Users\\Lucas\\Documents\\GIT\\cawsp\\src\\components\\Base\\Showcase\\Showcase.tsx","statementMap":{"0":{"start":{"line":1,"column":0},"end":{"line":1,"column":30}},"1":{"start":{"line":14,"column":8},"end":{"line":14,"column":21}},"2":{"start":{"line":16,"column":8},"end":{"line":18,"column":9}},"3":{"start":{"line":22,"column":21},"end":{"line":59,"column":9}},"4":{"start":{"line":60,"column":8},"end":{"line":72,"column":10}},"5":{"start":{"line":12,"column":0},"end":{"line":74,"column":1}}},"fnMap":{"0":{"name":"(anonymous_0)","decl":{"start":{"line":13,"column":4},"end":{"line":13,"column":15}},"loc":{"start":{"line":13,"column":36},"end":{"line":19,"column":5}}},"1":{"name":"(anonymous_1)","decl":{"start":{"line":21,"column":4},"end":{"line":21,"column":9}},"loc":{"start":{"line":21,"column":10},"end":{"line":73,"column":5}}}},"branchMap":{},"s":{"0":1,"1":1,"2":1,"3":1,"4":1,"5":1},"f":{"0":1,"1":1},"b":{}}
,"C:\\Users\\Lucas\\Documents\\GIT\\cawsp\\src\\components\\Base\\Table\\Table.tsx": {"path":"C:\\Users\\Lucas\\Documents\\GIT\\cawsp\\src\\components\\Base\\Table\\Table.tsx","statementMap":{"0":{"start":{"line":1,"column":0},"end":{"line":1,"column":30}},"1":{"start":{"line":3,"column":0},"end":{"line":3,"column":38}},"2":{"start":{"line":4,"column":0},"end":{"line":4,"column":34}},"3":{"start":{"line":6,"column":0},"end":{"line":6,"column":39}},"4":{"start":{"line":7,"column":0},"end":{"line":7,"column":43}},"5":{"start":{"line":8,"column":0},"end":{"line":8,"column":39}},"6":{"start":{"line":9,"column":0},"end":{"line":9,"column":52}},"7":{"start":{"line":10,"column":0},"end":{"line":10,"column":37}},"8":{"start":{"line":11,"column":0},"end":{"line":11,"column":41}},"9":{"start":{"line":12,"column":0},"end":{"line":12,"column":45}},"10":{"start":{"line":60,"column":8},"end":{"line":60,"column":21}},"11":{"start":{"line":113,"column":4},"end":{"line":115,"column":5}},"12":{"start":{"line":114,"column":8},"end":{"line":114,"column":43}},"13":{"start":{"line":117,"column":4},"end":{"line":119,"column":5}},"14":{"start":{"line":118,"column":8},"end":{"line":118,"column":41}},"15":{"start":{"line":121,"column":4},"end":{"line":129,"column":5}},"16":{"start":{"line":124,"column":28},"end":{"line":126,"column":21}},"17":{"start":{"line":125,"column":12},"end":{"line":125,"column":68}},"18":{"start":{"line":128,"column":8},"end":{"line":128,"column":82}},"19":{"start":{"line":131,"column":4},"end":{"line":133,"column":5}},"20":{"start":{"line":132,"column":8},"end":{"line":132,"column":44}},"21":{"start":{"line":197,"column":4},"end":{"line":215,"column":5}},"22":{"start":{"line":199,"column":26},"end":{"line":199,"column":41}},"23":{"start":{"line":201,"column":24},"end":{"line":201,"column":25}},"24":{"start":{"line":203,"column":8},"end":{"line":213,"column":11}},"25":{"start":{"line":204,"column":12},"end":{"line":212,"column":13}},"26":{"start":{"line":205,"column":16},"end":{"line":211,"column":17}},"27":{"start":{"line":206,"column":20},"end":{"line":206,"column":67}},"28":{"start":{"line":207,"column":23},"end":{"line":211,"column":17}},"29":{"start":{"line":208,"column":20},"end":{"line":208,"column":67}},"30":{"start":{"line":210,"column":20},"end":{"line":210,"column":34}},"31":{"start":{"line":214,"column":8},"end":{"line":214,"column":25}},"32":{"start":{"line":217,"column":4},"end":{"line":304,"column":5}},"33":{"start":{"line":219,"column":23},"end":{"line":219,"column":85}},"34":{"start":{"line":221,"column":8},"end":{"line":303,"column":9}},"35":{"start":{"line":223,"column":33},"end":{"line":225,"column":14}},"36":{"start":{"line":224,"column":16},"end":{"line":224,"column":39}},"37":{"start":{"line":227,"column":29},"end":{"line":227,"column":31}},"38":{"start":{"line":230,"column":12},"end":{"line":302,"column":13}},"39":{"start":{"line":231,"column":16},"end":{"line":234,"column":17}},"40":{"start":{"line":232,"column":20},"end":{"line":232,"column":39}},"41":{"start":{"line":233,"column":20},"end":{"line":233,"column":60}},"42":{"start":{"line":237,"column":29},"end":{"line":237,"column":55}},"43":{"start":{"line":238,"column":16},"end":{"line":273,"column":17}},"44":{"start":{"line":240,"column":20},"end":{"line":250,"column":21}},"45":{"start":{"line":242,"column":24},"end":{"line":242,"column":64}},"46":{"start":{"line":245,"column":24},"end":{"line":245,"column":44}},"47":{"start":{"line":246,"column":24},"end":{"line":249,"column":27}},"48":{"start":{"line":251,"column":23},"end":{"line":273,"column":17}},"49":{"start":{"line":253,"column":20},"end":{"line":272,"column":21}},"50":{"start":{"line":255,"column":24},"end":{"line":255,"column":60}},"51":{"start":{"line":258,"column":24},"end":{"line":270,"column":25}},"52":{"start":{"line":262,"column":28},"end":{"line":262,"column":48}},"53":{"start":{"line":263,"column":28},"end":{"line":266,"column":31}},"54":{"start":{"line":269,"column":28},"end":{"line":269,"column":48}},"55":{"start":{"line":275,"column":16},"end":{"line":278,"column":19}},"56":{"start":{"line":276,"column":31},"end":{"line":276,"column":66}},"57":{"start":{"line":277,"column":20},"end":{"line":277,"column":47}},"58":{"start":{"line":282,"column":16},"end":{"line":296,"column":17}},"59":{"start":{"line":284,"column":20},"end":{"line":287,"column":23}},"60":{"start":{"line":290,"column":20},"end":{"line":295,"column":22}},"61":{"start":{"line":298,"column":16},"end":{"line":301,"column":19}},"62":{"start":{"line":299,"column":31},"end":{"line":299,"column":66}},"63":{"start":{"line":300,"column":20},"end":{"line":300,"column":47}},"64":{"start":{"line":306,"column":4},"end":{"line":308,"column":5}},"65":{"start":{"line":307,"column":8},"end":{"line":307,"column":48}},"66":{"start":{"line":310,"column":4},"end":{"line":319,"column":5}},"67":{"start":{"line":311,"column":21},"end":{"line":311,"column":87}},"68":{"start":{"line":312,"column":8},"end":{"line":318,"column":9}},"69":{"start":{"line":313,"column":12},"end":{"line":315,"column":26}},"70":{"start":{"line":314,"column":16},"end":{"line":314,"column":76}},"71":{"start":{"line":317,"column":12},"end":{"line":317,"column":25}},"72":{"start":{"line":321,"column":4},"end":{"line":349,"column":5}},"73":{"start":{"line":322,"column":21},"end":{"line":322,"column":87}},"74":{"start":{"line":323,"column":8},"end":{"line":348,"column":9}},"75":{"start":{"line":325,"column":12},"end":{"line":347,"column":13}},"76":{"start":{"line":327,"column":36},"end":{"line":327,"column":38}},"77":{"start":{"line":328,"column":36},"end":{"line":328,"column":83}},"78":{"start":{"line":329,"column":16},"end":{"line":333,"column":19}},"79":{"start":{"line":330,"column":20},"end":{"line":332,"column":21}},"80":{"start":{"line":331,"column":24},"end":{"line":331,"column":46}},"81":{"start":{"line":335,"column":16},"end":{"line":335,"column":54}},"82":{"start":{"line":337,"column":16},"end":{"line":337,"column":60}},"83":{"start":{"line":340,"column":36},"end":{"line":340,"column":83}},"84":{"start":{"line":341,"column":31},"end":{"line":341,"column":62}},"85":{"start":{"line":343,"column":16},"end":{"line":343,"column":45}},"86":{"start":{"line":346,"column":16},"end":{"line":346,"column":60}},"87":{"start":{"line":62,"column":8},"end":{"line":72,"column":9}},"88":{"start":{"line":76,"column":8},"end":{"line":83,"column":11}},"89":{"start":{"line":77,"column":28},"end":{"line":77,"column":37}},"90":{"start":{"line":79,"column":12},"end":{"line":81,"column":13}},"91":{"start":{"line":80,"column":16},"end":{"line":80,"column":48}},"92":{"start":{"line":85,"column":8},"end":{"line":92,"column":11}},"93":{"start":{"line":86,"column":28},"end":{"line":86,"column":37}},"94":{"start":{"line":88,"column":12},"end":{"line":90,"column":13}},"95":{"start":{"line":89,"column":16},"end":{"line":89,"column":49}},"96":{"start":{"line":94,"column":8},"end":{"line":94,"column":81}},"97":{"start":{"line":98,"column":8},"end":{"line":104,"column":9}},"98":{"start":{"line":99,"column":31},"end":{"line":99,"column":45}},"99":{"start":{"line":101,"column":12},"end":{"line":103,"column":14}},"100":{"start":{"line":106,"column":8},"end":{"line":110,"column":9}},"101":{"start":{"line":107,"column":35},"end":{"line":107,"column":58}},"102":{"start":{"line":109,"column":12},"end":{"line":109,"column":55}},"103":{"start":{"line":137,"column":18},"end":{"line":137,"column":36}},"104":{"start":{"line":140,"column":8},"end":{"line":154,"column":9}},"105":{"start":{"line":141,"column":22},"end":{"line":141,"column":24}},"106":{"start":{"line":144,"column":12},"end":{"line":148,"column":13}},"107":{"start":{"line":147,"column":16},"end":{"line":147,"column":35}},"108":{"start":{"line":150,"column":12},"end":{"line":150,"column":35}},"109":{"start":{"line":153,"column":12},"end":{"line":153,"column":32}},"110":{"start":{"line":157,"column":8},"end":{"line":169,"column":9}},"111":{"start":{"line":158,"column":22},"end":{"line":158,"column":24}},"112":{"start":{"line":161,"column":12},"end":{"line":163,"column":13}},"113":{"start":{"line":162,"column":16},"end":{"line":162,"column":55}},"114":{"start":{"line":165,"column":12},"end":{"line":165,"column":41}},"115":{"start":{"line":168,"column":12},"end":{"line":168,"column":32}},"116":{"start":{"line":171,"column":8},"end":{"line":174,"column":9}},"117":{"start":{"line":172,"column":12},"end":{"line":172,"column":34}},"118":{"start":{"line":173,"column":12},"end":{"line":173,"column":19}},"119":{"start":{"line":177,"column":23},"end":{"line":177,"column":37}},"120":{"start":{"line":179,"column":8},"end":{"line":179,"column":50}},"121":{"start":{"line":182,"column":18},"end":{"line":182,"column":62}},"122":{"start":{"line":184,"column":23},"end":{"line":184,"column":50}},"123":{"start":{"line":185,"column":8},"end":{"line":185,"column":24}},"124":{"start":{"line":188,"column":8},"end":{"line":188,"column":41}},"125":{"start":{"line":189,"column":8},"end":{"line":189,"column":42}},"126":{"start":{"line":192,"column":8},"end":{"line":192,"column":40}},"127":{"start":{"line":193,"column":8},"end":{"line":193,"column":21}},"128":{"start":{"line":194,"column":8},"end":{"line":194,"column":40}},"129":{"start":{"line":353,"column":27},"end":{"line":368,"column":9}},"130":{"start":{"line":370,"column":26},"end":{"line":382,"column":9}},"131":{"start":{"line":384,"column":21},"end":{"line":384,"column":83}},"132":{"start":{"line":387,"column":23},"end":{"line":387,"column":129}},"133":{"start":{"line":388,"column":21},"end":{"line":388,"column":87}},"134":{"start":{"line":389,"column":21},"end":{"line":389,"column":87}},"135":{"start":{"line":390,"column":20},"end":{"line":390,"column":74}},"136":{"start":{"line":392,"column":8},"end":{"line":430,"column":10}},"137":{"start":{"line":400,"column":49},"end":{"line":402,"column":34}},"138":{"start":{"line":401,"column":36},"end":{"line":401,"column":86}},"139":{"start":{"line":403,"column":43},"end":{"line":403,"column":90}},"140":{"start":{"line":404,"column":53},"end":{"line":404,"column":99}},"141":{"start":{"line":405,"column":60},"end":{"line":405,"column":114}},"142":{"start":{"line":406,"column":32},"end":{"line":406,"column":394}},"143":{"start":{"line":406,"column":150},"end":{"line":406,"column":175}},"144":{"start":{"line":406,"column":237},"end":{"line":406,"column":263}},"145":{"start":{"line":411,"column":51},"end":{"line":411,"column":83}},"146":{"start":{"line":412,"column":51},"end":{"line":412,"column":71}},"147":{"start":{"line":413,"column":36},"end":{"line":420,"column":37}},"148":{"start":{"line":414,"column":139},"end":{"line":414,"column":162}},"149":{"start":{"line":414,"column":204},"end":{"line":414,"column":234}},"150":{"start":{"line":415,"column":265},"end":{"line":415,"column":295}},"151":{"start":{"line":417,"column":48},"end":{"line":417,"column":191}},"152":{"start":{"line":58,"column":0},"end":{"line":432,"column":1}},"153":{"start":{"line":436,"column":16},"end":{"line":440,"column":5}},"154":{"start":{"line":441,"column":4},"end":{"line":445,"column":6}},"155":{"start":{"line":435,"column":0},"end":{"line":446,"column":1}}},"fnMap":{"0":{"name":"(anonymous_0)","decl":{"start":{"line":59,"column":4},"end":{"line":59,"column":15}},"loc":{"start":{"line":59,"column":33},"end":{"line":73,"column":5}}},"1":{"name":"(anonymous_1)","decl":{"start":{"line":113,"column":18},"end":{"line":113,"column":19}},"loc":{"start":{"line":113,"column":35},"end":{"line":115,"column":5}}},"2":{"name":"(anonymous_2)","decl":{"start":{"line":117,"column":18},"end":{"line":117,"column":20}},"loc":{"start":{"line":117,"column":23},"end":{"line":119,"column":5}}},"3":{"name":"(anonymous_3)","decl":{"start":{"line":121,"column":21},"end":{"line":121,"column":22}},"loc":{"start":{"line":121,"column":38},"end":{"line":129,"column":5}}},"4":{"name":"(anonymous_4)","decl":{"start":{"line":124,"column":51},"end":{"line":124,"column":52}},"loc":{"start":{"line":124,"column":61},"end":{"line":126,"column":9}}},"5":{"name":"(anonymous_5)","decl":{"start":{"line":131,"column":26},"end":{"line":131,"column":28}},"loc":{"start":{"line":131,"column":31},"end":{"line":133,"column":5}}},"6":{"name":"(anonymous_6)","decl":{"start":{"line":197,"column":15},"end":{"line":197,"column":16}},"loc":{"start":{"line":197,"column":24},"end":{"line":215,"column":5}}},"7":{"name":"(anonymous_7)","decl":{"start":{"line":203,"column":28},"end":{"line":203,"column":29}},"loc":{"start":{"line":203,"column":42},"end":{"line":213,"column":9}}},"8":{"name":"(anonymous_8)","decl":{"start":{"line":217,"column":14},"end":{"line":217,"column":15}},"loc":{"start":{"line":217,"column":36},"end":{"line":304,"column":5}}},"9":{"name":"(anonymous_9)","decl":{"start":{"line":223,"column":53},"end":{"line":223,"column":54}},"loc":{"start":{"line":223,"column":67},"end":{"line":225,"column":13}}},"10":{"name":"(anonymous_10)","decl":{"start":{"line":230,"column":37},"end":{"line":230,"column":38}},"loc":{"start":{"line":230,"column":58},"end":{"line":235,"column":13}}},"11":{"name":"(anonymous_11)","decl":{"start":{"line":275,"column":53},"end":{"line":275,"column":54}},"loc":{"start":{"line":275,"column":57},"end":{"line":278,"column":17}}},"12":{"name":"(anonymous_12)","decl":{"start":{"line":298,"column":78},"end":{"line":298,"column":79}},"loc":{"start":{"line":298,"column":82},"end":{"line":301,"column":17}}},"13":{"name":"(anonymous_13)","decl":{"start":{"line":306,"column":14},"end":{"line":306,"column":15}},"loc":{"start":{"line":306,"column":36},"end":{"line":308,"column":5}}},"14":{"name":"(anonymous_14)","decl":{"start":{"line":310,"column":17},"end":{"line":310,"column":18}},"loc":{"start":{"line":310,"column":25},"end":{"line":319,"column":5}}},"15":{"name":"(anonymous_15)","decl":{"start":{"line":313,"column":46},"end":{"line":313,"column":47}},"loc":{"start":{"line":313,"column":62},"end":{"line":315,"column":13}}},"16":{"name":"(anonymous_16)","decl":{"start":{"line":321,"column":18},"end":{"line":321,"column":19}},"loc":{"start":{"line":321,"column":47},"end":{"line":349,"column":5}}},"17":{"name":"(anonymous_17)","decl":{"start":{"line":329,"column":38},"end":{"line":329,"column":39}},"loc":{"start":{"line":329,"column":61},"end":{"line":333,"column":17}}},"18":{"name":"(anonymous_18)","decl":{"start":{"line":75,"column":4},"end":{"line":75,"column":20}},"loc":{"start":{"line":75,"column":21},"end":{"line":95,"column":5}}},"19":{"name":"(anonymous_19)","decl":{"start":{"line":76,"column":45},"end":{"line":76,"column":46}},"loc":{"start":{"line":76,"column":54},"end":{"line":83,"column":9}}},"20":{"name":"(anonymous_20)","decl":{"start":{"line":85,"column":43},"end":{"line":85,"column":44}},"loc":{"start":{"line":85,"column":52},"end":{"line":92,"column":9}}},"21":{"name":"(anonymous_21)","decl":{"start":{"line":97,"column":4},"end":{"line":97,"column":28}},"loc":{"start":{"line":97,"column":50},"end":{"line":111,"column":5}}},"22":{"name":"(anonymous_22)","decl":{"start":{"line":135,"column":4},"end":{"line":135,"column":21}},"loc":{"start":{"line":135,"column":55},"end":{"line":195,"column":5}}},"23":{"name":"(anonymous_23)","decl":{"start":{"line":351,"column":4},"end":{"line":351,"column":9}},"loc":{"start":{"line":351,"column":10},"end":{"line":431,"column":5}}},"24":{"name":"(anonymous_24)","decl":{"start":{"line":399,"column":52},"end":{"line":399,"column":53}},"loc":{"start":{"line":399,"column":69},"end":{"line":407,"column":29}}},"25":{"name":"(anonymous_25)","decl":{"start":{"line":400,"column":72},"end":{"line":400,"column":73}},"loc":{"start":{"line":400,"column":80},"end":{"line":402,"column":33}}},"26":{"name":"(anonymous_26)","decl":{"start":{"line":406,"column":146},"end":{"line":406,"column":147}},"loc":{"start":{"line":406,"column":150},"end":{"line":406,"column":175}}},"27":{"name":"(anonymous_27)","decl":{"start":{"line":406,"column":233},"end":{"line":406,"column":234}},"loc":{"start":{"line":406,"column":237},"end":{"line":406,"column":263}}},"28":{"name":"(anonymous_28)","decl":{"start":{"line":410,"column":169},"end":{"line":410,"column":170}},"loc":{"start":{"line":410,"column":183},"end":{"line":421,"column":33}}},"29":{"name":"(anonymous_29)","decl":{"start":{"line":414,"column":135},"end":{"line":414,"column":136}},"loc":{"start":{"line":414,"column":139},"end":{"line":414,"column":162}}},"30":{"name":"(anonymous_30)","decl":{"start":{"line":414,"column":200},"end":{"line":414,"column":201}},"loc":{"start":{"line":414,"column":204},"end":{"line":414,"column":234}}},"31":{"name":"(anonymous_31)","decl":{"start":{"line":415,"column":261},"end":{"line":415,"column":262}},"loc":{"start":{"line":415,"column":265},"end":{"line":415,"column":295}}},"32":{"name":"(anonymous_32)","decl":{"start":{"line":416,"column":68},"end":{"line":416,"column":69}},"loc":{"start":{"line":416,"column":88},"end":{"line":418,"column":45}}},"33":{"name":"TableActions","decl":{"start":{"line":435,"column":0},"end":{"line":435,"column":29}},"loc":{"start":{"line":435,"column":54},"end":{"line":446,"column":1}}}},"branchMap":{"0":{"loc":{"start":{"line":204,"column":12},"end":{"line":212,"column":13}},"type":"if","locations":[{"start":{"line":204,"column":12},"end":{"line":212,"column":13}},{"start":{"line":204,"column":12},"end":{"line":212,"column":13}}]},"1":{"loc":{"start":{"line":205,"column":16},"end":{"line":211,"column":17}},"type":"if","locations":[{"start":{"line":205,"column":16},"end":{"line":211,"column":17}},{"start":{"line":205,"column":16},"end":{"line":211,"column":17}}]},"2":{"loc":{"start":{"line":206,"column":60},"end":{"line":206,"column":61}},"type":"cond-expr","locations":[{"start":{"line":206,"column":60},"end":{"line":206,"column":61}},{"start":{"line":206,"column":64},"end":{"line":206,"column":66}}]},"3":{"loc":{"start":{"line":207,"column":23},"end":{"line":211,"column":17}},"type":"if","locations":[{"start":{"line":207,"column":23},"end":{"line":211,"column":17}},{"start":{"line":207,"column":23},"end":{"line":211,"column":17}}]},"4":{"loc":{"start":{"line":208,"column":60},"end":{"line":208,"column":62}},"type":"cond-expr","locations":[{"start":{"line":208,"column":60},"end":{"line":208,"column":62}},{"start":{"line":208,"column":65},"end":{"line":208,"column":66}}]},"5":{"loc":{"start":{"line":219,"column":59},"end":{"line":219,"column":63}},"type":"cond-expr","locations":[{"start":{"line":219,"column":59},"end":{"line":219,"column":63}},{"start":{"line":219,"column":66},"end":{"line":219,"column":85}}]},"6":{"loc":{"start":{"line":221,"column":8},"end":{"line":303,"column":9}},"type":"if","locations":[{"start":{"line":221,"column":8},"end":{"line":303,"column":9}},{"start":{"line":221,"column":8},"end":{"line":303,"column":9}}]},"7":{"loc":{"start":{"line":230,"column":12},"end":{"line":302,"column":13}},"type":"if","locations":[{"start":{"line":230,"column":12},"end":{"line":302,"column":13}},{"start":{"line":230,"column":12},"end":{"line":302,"column":13}}]},"8":{"loc":{"start":{"line":231,"column":16},"end":{"line":234,"column":17}},"type":"if","locations":[{"start":{"line":231,"column":16},"end":{"line":234,"column":17}},{"start":{"line":231,"column":16},"end":{"line":234,"column":17}}]},"9":{"loc":{"start":{"line":238,"column":16},"end":{"line":273,"column":17}},"type":"if","locations":[{"start":{"line":238,"column":16},"end":{"line":273,"column":17}},{"start":{"line":238,"column":16},"end":{"line":273,"column":17}}]},"10":{"loc":{"start":{"line":240,"column":20},"end":{"line":250,"column":21}},"type":"if","locations":[{"start":{"line":240,"column":20},"end":{"line":250,"column":21}},{"start":{"line":240,"column":20},"end":{"line":250,"column":21}}]},"11":{"loc":{"start":{"line":251,"column":23},"end":{"line":273,"column":17}},"type":"if","locations":[{"start":{"line":251,"column":23},"end":{"line":273,"column":17}},{"start":{"line":251,"column":23},"end":{"line":273,"column":17}}]},"12":{"loc":{"start":{"line":253,"column":20},"end":{"line":272,"column":21}},"type":"if","locations":[{"start":{"line":253,"column":20},"end":{"line":272,"column":21}},{"start":{"line":253,"column":20},"end":{"line":272,"column":21}}]},"13":{"loc":{"start":{"line":258,"column":24},"end":{"line":270,"column":25}},"type":"if","locations":[{"start":{"line":258,"column":24},"end":{"line":270,"column":25}},{"start":{"line":258,"column":24},"end":{"line":270,"column":25}}]},"14":{"loc":{"start":{"line":282,"column":16},"end":{"line":296,"column":17}},"type":"if","locations":[{"start":{"line":282,"column":16},"end":{"line":296,"column":17}},{"start":{"line":282,"column":16},"end":{"line":296,"column":17}}]},"15":{"loc":{"start":{"line":311,"column":59},"end":{"line":311,"column":63}},"type":"cond-expr","locations":[{"start":{"line":311,"column":59},"end":{"line":311,"column":63}},{"start":{"line":311,"column":66},"end":{"line":311,"column":87}}]},"16":{"loc":{"start":{"line":312,"column":8},"end":{"line":318,"column":9}},"type":"if","locations":[{"start":{"line":312,"column":8},"end":{"line":318,"column":9}},{"start":{"line":312,"column":8},"end":{"line":318,"column":9}}]},"17":{"loc":{"start":{"line":322,"column":59},"end":{"line":322,"column":63}},"type":"cond-expr","locations":[{"start":{"line":322,"column":59},"end":{"line":322,"column":63}},{"start":{"line":322,"column":66},"end":{"line":322,"column":87}}]},"18":{"loc":{"start":{"line":323,"column":8},"end":{"line":348,"column":9}},"type":"if","locations":[{"start":{"line":323,"column":8},"end":{"line":348,"column":9}},{"start":{"line":323,"column":8},"end":{"line":348,"column":9}}]},"19":{"loc":{"start":{"line":325,"column":12},"end":{"line":347,"column":13}},"type":"if","locations":[{"start":{"line":325,"column":12},"end":{"line":347,"column":13}},{"start":{"line":325,"column":12},"end":{"line":347,"column":13}}]},"20":{"loc":{"start":{"line":330,"column":20},"end":{"line":332,"column":21}},"type":"if","locations":[{"start":{"line":330,"column":20},"end":{"line":332,"column":21}},{"start":{"line":330,"column":20},"end":{"line":332,"column":21}}]},"21":{"loc":{"start":{"line":79,"column":12},"end":{"line":81,"column":13}},"type":"if","locations":[{"start":{"line":79,"column":12},"end":{"line":81,"column":13}},{"start":{"line":79,"column":12},"end":{"line":81,"column":13}}]},"22":{"loc":{"start":{"line":88,"column":12},"end":{"line":90,"column":13}},"type":"if","locations":[{"start":{"line":88,"column":12},"end":{"line":90,"column":13}},{"start":{"line":88,"column":12},"end":{"line":90,"column":13}}]},"23":{"loc":{"start":{"line":98,"column":8},"end":{"line":104,"column":9}},"type":"if","locations":[{"start":{"line":98,"column":8},"end":{"line":104,"column":9}},{"start":{"line":98,"column":8},"end":{"line":104,"column":9}}]},"24":{"loc":{"start":{"line":106,"column":8},"end":{"line":110,"column":9}},"type":"if","locations":[{"start":{"line":106,"column":8},"end":{"line":110,"column":9}},{"start":{"line":106,"column":8},"end":{"line":110,"column":9}}]},"25":{"loc":{"start":{"line":140,"column":8},"end":{"line":154,"column":9}},"type":"if","locations":[{"start":{"line":140,"column":8},"end":{"line":154,"column":9}},{"start":{"line":140,"column":8},"end":{"line":154,"column":9}}]},"26":{"loc":{"start":{"line":171,"column":8},"end":{"line":174,"column":9}},"type":"if","locations":[{"start":{"line":171,"column":8},"end":{"line":174,"column":9}},{"start":{"line":171,"column":8},"end":{"line":174,"column":9}}]},"27":{"loc":{"start":{"line":384,"column":57},"end":{"line":384,"column":68}},"type":"cond-expr","locations":[{"start":{"line":384,"column":57},"end":{"line":384,"column":68}},{"start":{"line":384,"column":71},"end":{"line":384,"column":83}}]},"28":{"loc":{"start":{"line":387,"column":59},"end":{"line":387,"column":63}},"type":"cond-expr","locations":[{"start":{"line":387,"column":59},"end":{"line":387,"column":63}},{"start":{"line":387,"column":66},"end":{"line":387,"column":129}}]},"29":{"loc":{"start":{"line":387,"column":98},"end":{"line":387,"column":108}},"type":"cond-expr","locations":[{"start":{"line":387,"column":98},"end":{"line":387,"column":108}},{"start":{"line":387,"column":110},"end":{"line":387,"column":129}}]},"30":{"loc":{"start":{"line":388,"column":59},"end":{"line":388,"column":63}},"type":"cond-expr","locations":[{"start":{"line":388,"column":59},"end":{"line":388,"column":63}},{"start":{"line":388,"column":66},"end":{"line":388,"column":87}}]},"31":{"loc":{"start":{"line":389,"column":59},"end":{"line":389,"column":63}},"type":"cond-expr","locations":[{"start":{"line":389,"column":59},"end":{"line":389,"column":63}},{"start":{"line":389,"column":66},"end":{"line":389,"column":87}}]},"32":{"loc":{"start":{"line":390,"column":53},"end":{"line":390,"column":55}},"type":"cond-expr","locations":[{"start":{"line":390,"column":53},"end":{"line":390,"column":55}},{"start":{"line":390,"column":58},"end":{"line":390,"column":74}}]},"33":{"loc":{"start":{"line":394,"column":50},"end":{"line":394,"column":94}},"type":"cond-expr","locations":[{"start":{"line":394,"column":50},"end":{"line":394,"column":94}},{"start":{"line":394,"column":97},"end":{"line":394,"column":194}}]},"34":{"loc":{"start":{"line":398,"column":29},"end":{"line":398,"column":35}},"type":"binary-expr","locations":[{"start":{"line":398,"column":29},"end":{"line":398,"column":35}},{"start":{"line":398,"column":39},"end":{"line":398,"column":200}}]},"35":{"loc":{"start":{"line":401,"column":73},"end":{"line":401,"column":77}},"type":"cond-expr","locations":[{"start":{"line":401,"column":73},"end":{"line":401,"column":77}},{"start":{"line":401,"column":80},"end":{"line":401,"column":85}}]},"36":{"loc":{"start":{"line":403,"column":67},"end":{"line":403,"column":85}},"type":"cond-expr","locations":[{"start":{"line":403,"column":67},"end":{"line":403,"column":85}},{"start":{"line":403,"column":88},"end":{"line":403,"column":90}}]},"37":{"loc":{"start":{"line":404,"column":73},"end":{"line":404,"column":88}},"type":"cond-expr","locations":[{"start":{"line":404,"column":73},"end":{"line":404,"column":88}},{"start":{"line":404,"column":91},"end":{"line":404,"column":99}}]},"38":{"loc":{"start":{"line":405,"column":92},"end":{"line":405,"column":97}},"type":"cond-expr","locations":[{"start":{"line":405,"column":92},"end":{"line":405,"column":97}},{"start":{"line":405,"column":100},"end":{"line":405,"column":114}}]},"39":{"loc":{"start":{"line":415,"column":45},"end":{"line":415,"column":51}},"type":"binary-expr","locations":[{"start":{"line":415,"column":45},"end":{"line":415,"column":51}},{"start":{"line":415,"column":55},"end":{"line":415,"column":318}}]}},"s":{"0":1,"1":1,"2":1,"3":1,"4":1,"5":1,"6":1,"7":1,"8":1,"9":1,"10":1,"11":1,"12":0,"13":1,"14":0,"15":1,"16":0,"17":0,"18":0,"19":1,"20":0,"21":1,"22":0,"23":0,"24":0,"25":0,"26":0,"27":0,"28":0,"29":0,"30":0,"31":0,"32":1,"33":0,"34":0,"35":0,"36":0,"37":0,"38":0,"39":0,"40":0,"41":0,"42":0,"43":0,"44":0,"45":0,"46":0,"47":0,"48":0,"49":0,"50":0,"51":0,"52":0,"53":0,"54":0,"55":0,"56":0,"57":0,"58":0,"59":0,"60":0,"61":0,"62":0,"63":0,"64":1,"65":0,"66":1,"67":2,"68":2,"69":2,"70":0,"71":0,"72":1,"73":0,"74":0,"75":0,"76":0,"77":0,"78":0,"79":0,"80":0,"81":0,"82":0,"83":0,"84":0,"85":0,"86":0,"87":1,"88":1,"89":0,"90":0,"91":0,"92":1,"93":0,"94":0,"95":0,"96":1,"97":0,"98":0,"99":0,"100":0,"101":0,"102":0,"103":0,"104":0,"105":0,"106":0,"107":0,"108":0,"109":0,"110":0,"111":0,"112":0,"113":0,"114":0,"115":0,"116":0,"117":0,"118":0,"119":0,"120":0,"121":0,"122":0,"123":0,"124":0,"125":0,"126":0,"127":0,"128":0,"129":2,"130":2,"131":2,"132":2,"133":2,"134":2,"135":2,"136":2,"137":4,"138":0,"139":4,"140":4,"141":4,"142":4,"143":0,"144":0,"145":2,"146":2,"147":2,"148":0,"149":0,"150":0,"151":4,"152":1,"153":0,"154":0,"155":1},"f":{"0":1,"1":0,"2":0,"3":0,"4":0,"5":0,"6":0,"7":0,"8":0,"9":0,"10":0,"11":0,"12":0,"13":0,"14":2,"15":0,"16":0,"17":0,"18":1,"19":0,"20":0,"21":0,"22":0,"23":2,"24":4,"25":0,"26":0,"27":0,"28":2,"29":0,"30":0,"31":0,"32":4,"33":0},"b":{"0":[0,0],"1":[0,0],"2":[0,0],"3":[0,0],"4":[0,0],"5":[0,0],"6":[0,0],"7":[0,0],"8":[0,0],"9":[0,0],"10":[0,0],"11":[0,0],"12":[0,0],"13":[0,0],"14":[0,0],"15":[2,0],"16":[2,0],"17":[0,0],"18":[0,0],"19":[0,0],"20":[0,0],"21":[0,0],"22":[0,0],"23":[0,0],"24":[0,0],"25":[0,0],"26":[0,0],"27":[0,2],"28":[2,0],"29":[0,0],"30":[2,0],"31":[2,0],"32":[0,2],"33":[2,0],"34":[2,2],"35":[0,0],"36":[0,4],"37":[4,0],"38":[0,4],"39":[2,2]}}
,"C:\\Users\\Lucas\\Documents\\GIT\\cawsp\\src\\components\\Base\\Table\\TableBody.tsx": {"path":"C:\\Users\\Lucas\\Documents\\GIT\\cawsp\\src\\components\\Base\\Table\\TableBody.tsx","statementMap":{"0":{"start":{"line":1,"column":0},"end":{"line":1,"column":30}},"1":{"start":{"line":8,"column":4},"end":{"line":12,"column":6}},"2":{"start":{"line":7,"column":0},"end":{"line":13,"column":1}}},"fnMap":{"0":{"name":"TableBody","decl":{"start":{"line":7,"column":0},"end":{"line":7,"column":26}},"loc":{"start":{"line":7,"column":48},"end":{"line":13,"column":1}}}},"branchMap":{},"s":{"0":2,"1":1,"2":2},"f":{"0":1},"b":{}}
,"C:\\Users\\Lucas\\Documents\\GIT\\cawsp\\src\\components\\Base\\Table\\TableCell.tsx": {"path":"C:\\Users\\Lucas\\Documents\\GIT\\cawsp\\src\\components\\Base\\Table\\TableCell.tsx","statementMap":{"0":{"start":{"line":1,"column":0},"end":{"line":1,"column":30}},"1":{"start":{"line":12,"column":8},"end":{"line":12,"column":21}},"2":{"start":{"line":14,"column":8},"end":{"line":16,"column":10}},"3":{"start":{"line":20,"column":8},"end":{"line":21,"column":25}},"4":{"start":{"line":20,"column":55},"end":{"line":20,"column":68}},"5":{"start":{"line":21,"column":13},"end":{"line":21,"column":25}},"6":{"start":{"line":25,"column":27},"end":{"line":35,"column":9}},"7":{"start":{"line":37,"column":26},"end":{"line":47,"column":9}},"8":{"start":{"line":49,"column":21},"end":{"line":49,"column":83}},"9":{"start":{"line":51,"column":20},"end":{"line":51,"column":98}},"10":{"start":{"line":52,"column":8},"end":{"line":56,"column":10}},"11":{"start":{"line":9,"column":0},"end":{"line":58,"column":1}}},"fnMap":{"0":{"name":"(anonymous_0)","decl":{"start":{"line":11,"column":4},"end":{"line":11,"column":15}},"loc":{"start":{"line":11,"column":36},"end":{"line":17,"column":5}}},"1":{"name":"(anonymous_1)","decl":{"start":{"line":19,"column":4},"end":{"line":19,"column":24}},"loc":{"start":{"line":19,"column":67},"end":{"line":22,"column":5}}},"2":{"name":"(anonymous_2)","decl":{"start":{"line":24,"column":4},"end":{"line":24,"column":9}},"loc":{"start":{"line":24,"column":10},"end":{"line":57,"column":5}}}},"branchMap":{"0":{"loc":{"start":{"line":20,"column":8},"end":{"line":21,"column":25}},"type":"if","locations":[{"start":{"line":20,"column":8},"end":{"line":21,"column":25}},{"start":{"line":20,"column":8},"end":{"line":21,"column":25}}]},"1":{"loc":{"start":{"line":49,"column":57},"end":{"line":49,"column":68}},"type":"cond-expr","locations":[{"start":{"line":49,"column":57},"end":{"line":49,"column":68}},{"start":{"line":49,"column":71},"end":{"line":49,"column":83}}]},"2":{"loc":{"start":{"line":51,"column":41},"end":{"line":51,"column":76}},"type":"cond-expr","locations":[{"start":{"line":51,"column":41},"end":{"line":51,"column":76}},{"start":{"line":51,"column":79},"end":{"line":51,"column":98}}]}},"s":{"0":3,"1":5,"2":5,"3":0,"4":0,"5":0,"6":5,"7":5,"8":5,"9":5,"10":5,"11":3},"f":{"0":5,"1":0,"2":5},"b":{"0":[0,0],"1":[0,5],"2":[0,5]}}
,"C:\\Users\\Lucas\\Documents\\GIT\\cawsp\\src\\components\\Base\\Table\\TableHeader.tsx": {"path":"C:\\Users\\Lucas\\Documents\\GIT\\cawsp\\src\\components\\Base\\Table\\TableHeader.tsx","statementMap":{"0":{"start":{"line":1,"column":0},"end":{"line":1,"column":30}},"1":{"start":{"line":8,"column":4},"end":{"line":14,"column":6}},"2":{"start":{"line":7,"column":0},"end":{"line":15,"column":1}}},"fnMap":{"0":{"name":"TableHeader","decl":{"start":{"line":7,"column":0},"end":{"line":7,"column":28}},"loc":{"start":{"line":7,"column":52},"end":{"line":15,"column":1}}}},"branchMap":{},"s":{"0":2,"1":1,"2":2},"f":{"0":1},"b":{}}
[...]
end":{"line":59,"column":78}},"type":"cond-expr","locations":[{"start":{"line":59,"column":31},"end":{"line":59,"column":78}},{"start":{"line":59,"column":81},"end":{"line":59,"column":94}}]},"4":{"loc":{"start":{"line":59,"column":57},"end":{"line":59,"column":66}},"type":"cond-expr","locations":[{"start":{"line":59,"column":57},"end":{"line":59,"column":66}},{"start":{"line":59,"column":69},"end":{"line":59,"column":78}}]},"5":{"loc":{"start":{"line":71,"column":48},"end":{"line":71,"column":59}},"type":"cond-expr","locations":[{"start":{"line":71,"column":48},"end":{"line":71,"column":59}},{"start":{"line":71,"column":62},"end":{"line":71,"column":74}}]},"6":{"loc":{"start":{"line":74,"column":42},"end":{"line":74,"column":95}},"type":"cond-expr","locations":[{"start":{"line":74,"column":42},"end":{"line":74,"column":95}},{"start":{"line":74,"column":98},"end":{"line":74,"column":277}}]},"7":{"loc":{"start":{"line":74,"column":121},"end":{"line":74,"column":174}},"type":"cond-expr","locations":[{"start":{"line":74,"column":121},"end":{"line":74,"column":174}},{"start":{"line":74,"column":177},"end":{"line":74,"column":277}}]},"8":{"loc":{"start":{"line":74,"column":217},"end":{"line":74,"column":270}},"type":"cond-expr","locations":[{"start":{"line":74,"column":217},"end":{"line":74,"column":270}},{"start":{"line":74,"column":273},"end":{"line":74,"column":277}}]},"9":{"loc":{"start":{"line":74,"column":177},"end":{"line":74,"column":191}},"type":"binary-expr","locations":[{"start":{"line":74,"column":177},"end":{"line":74,"column":191}},{"start":{"line":74,"column":195},"end":{"line":74,"column":214}}]},"10":{"loc":{"start":{"line":78,"column":35},"end":{"line":82,"column":5}},"type":"cond-expr","locations":[{"start":{"line":78,"column":35},"end":{"line":82,"column":5}},{"start":{"line":82,"column":8},"end":{"line":82,"column":10}}]}},"s":{"0":2,"1":2,"2":2,"3":2,"4":1,"5":1,"6":1,"7":1,"8":1,"9":1,"10":1,"11":2},"f":{"0":1},"b":{"0":[0,1],"1":[1,0],"2":[0,1],"3":[1,0],"4":[0,1],"5":[0,1],"6":[0,1],"7":[0,1],"8":[0,1],"9":[1,0],"10":[1,0]}}
,"C:\\Users\\Lucas\\Documents\\GIT\\cawsp\\src\\components\\Base\\Table\\TableRow.tsx": {"path":"C:\\Users\\Lucas\\Documents\\GIT\\cawsp\\src\\components\\Base\\Table\\TableRow.tsx","statementMap":{"0":{"start":{"line":1,"column":0},"end":{"line":1,"column":30}},"1":{"start":{"line":19,"column":8},"end":{"line":19,"column":21}},"2":{"start":{"line":34,"column":4},"end":{"line":36,"column":5}},"3":{"start":{"line":35,"column":8},"end":{"line":35,"column":66}},"4":{"start":{"line":35,"column":45},"end":{"line":35,"column":66}},"5":{"start":{"line":21,"column":8},"end":{"line":23,"column":10}},"6":{"start":{"line":27,"column":8},"end":{"line":31,"column":9}},"7":{"start":{"line":28,"column":12},"end":{"line":28,"column":25}},"8":{"start":{"line":30,"column":12},"end":{"line":30,"column":24}},"9":{"start":{"line":40,"column":21},"end":{"line":44,"column":9}},"10":{"start":{"line":46,"column":20},"end":{"line":46,"column":64}},"11":{"start":{"line":48,"column":8},"end":{"line":52,"column":10}},"12":{"start":{"line":16,"column":0},"end":{"line":54,"column":1}}},"fnMap":{"0":{"name":"(anonymous_0)","decl":{"start":{"line":18,"column":4},"end":{"line":18,"column":15}},"loc":{"start":{"line":18,"column":35},"end":{"line":24,"column":5}}},"1":{"name":"(anonymous_1)","decl":{"start":{"line":34,"column":14},"end":{"line":34,"column":16}},"loc":{"start":{"line":34,"column":19},"end":{"line":36,"column":5}}},"2":{"name":"(anonymous_2)","decl":{"start":{"line":26,"column":4},"end":{"line":26,"column":24}},"loc":{"start":{"line":26,"column":65},"end":{"line":32,"column":5}}},"3":{"name":"(anonymous_3)","decl":{"start":{"line":38,"column":4},"end":{"line":38,"column":9}},"loc":{"start":{"line":38,"column":10},"end":{"line":53,"column":5}}}},"branchMap":{"0":{"loc":{"start":{"line":35,"column":8},"end":{"line":35,"column":66}},"type":"if","locations":[{"start":{"line":35,"column":8},"end":{"line":35,"column":66}},{"start":{"line":35,"column":8},"end":{"line":35,"column":66}}]},"1":{"loc":{"start":{"line":27,"column":8},"end":{"line":31,"column":9}},"type":"if","locations":[{"start":{"line":27,"column":8},"end":{"line":31,"column":9}},{"start":{"line":27,"column":8},"end":{"line":31,"column":9}}]},"2":{"loc":{"start":{"line":27,"column":11},"end":{"line":27,"column":53}},"type":"binary-expr","locations":[{"start":{"line":27,"column":11},"end":{"line":27,"column":53}},{"start":{"line":27,"column":57},"end":{"line":27,"column":99}}]},"3":{"loc":{"start":{"line":46,"column":41},"end":{"line":46,"column":58}},"type":"cond-expr","locations":[{"start":{"line":46,"column":41},"end":{"line":46,"column":58}},{"start":{"line":46,"column":62},"end":{"line":46,"column":64}}]}},"s":{"0":2,"1":2,"2":2,"3":0,"4":0,"5":2,"6":0,"7":0,"8":0,"9":2,"10":2,"11":2,"12":2},"f":{"0":2,"1":0,"2":0,"3":2},"b":{"0":[0,0],"1":[0,0],"2":[0,0],"3":[0,2]}}
,"C:\\Users\\Lucas\\Documents\\GIT\\cawsp\\src\\components\\Base\\Table\\TableSearch.tsx": {"path":"C:\\Users\\Lucas\\Documents\\GIT\\cawsp\\src\\components\\Base\\Table\\TableSearch.tsx","statementMap":{"0":{"start":{"line":1,"column":0},"end":{"line":1,"column":30}},"1":{"start":{"line":2,"column":0},"end":{"line":2,"column":40}},"2":{"start":{"line":3,"column":0},"end":{"line":3,"column":26}},"3":{"start":{"line":13,"column":8},"end":{"line":13,"column":21}},"4":{"start":{"line":15,"column":8},"end":{"line":16,"column":9}},"5":{"start":{"line":21,"column":21},"end":{"line":46,"column":9}},"6":{"start":{"line":48,"column":8},"end":{"line":55,"column":10}},"7":{"start":{"line":11,"column":0},"end":{"line":57,"column":1}}},"fnMap":{"0":{"name":"(anonymous_0)","decl":{"start":{"line":12,"column":4},"end":{"line":12,"column":15}},"loc":{"start":{"line":12,"column":39},"end":{"line":17,"column":5}}},"1":{"name":"(anonymous_1)","decl":{"start":{"line":19,"column":4},"end":{"line":19,"column":9}},"loc":{"start":{"line":19,"column":10},"end":{"line":56,"column":5}}}},"branchMap":{},"s":{"0":1,"1":1,"2":1,"3":1,"4":1,"5":1,"6":1,"7":1},"f":{"0":1,"1":1},"b":{}}
,"C:\\Users\\Lucas\\Documents\\GIT\\cawsp\\src\\components\\Base\\Table\\TableSelection.tsx": {"path":"C:\\Users\\Lucas\\Documents\\GIT\\cawsp\\src\\components\\Base\\Table\\TableSelection.tsx","statementMap":{"0":{"start":{"line":1,"column":0},"end":{"line":1,"column":30}},"1":{"start":{"line":15,"column":8},"end":{"line":15,"column":21}},"2":{"start":{"line":17,"column":8},"end":{"line":18,"column":9}},"3":{"start":{"line":23,"column":21},"end":{"line":50,"column":9}},"4":{"start":{"line":52,"column":8},"end":{"line":59,"column":10}},"5":{"start":{"line":13,"column":0},"end":{"line":61,"column":1}}},"fnMap":{"0":{"name":"(anonymous_0)","decl":{"start":{"line":14,"column":4},"end":{"line":14,"column":15}},"loc":{"start":{"line":14,"column":42},"end":{"line":19,"column":5}}},"1":{"name":"(anonymous_1)","decl":{"start":{"line":21,"column":4},"end":{"line":21,"column":9}},"loc":{"start":{"line":21,"column":10},"end":{"line":60,"column":5}}}},"branchMap":{},"s":{"0":2,"1":1,"2":1,"3":1,"4":1,"5":2},"f":{"0":1,"1":1},"b":{}}
,"C:\\Users\\Lucas\\Documents\\GIT\\cawsp\\src\\components\\Base\\Table\\TableTitle.tsx": {"path":"C:\\Users\\Lucas\\Documents\\GIT\\cawsp\\src\\components\\Base\\Table\\TableTitle.tsx","statementMap":{"0":{"start":{"line":1,"column":0},"end":{"line":1,"column":30}},"1":{"start":{"line":2,"column":0},"end":{"line":2,"column":26}},"2":{"start":{"line":3,"column":0},"end":{"line":3,"column":38}},"3":{"start":{"line":5,"column":17},"end":{"line":8,"column":1}},"4":{"start":{"line":21,"column":8},"end":{"line":21,"column":21}},"5":{"start":{"line":27,"column":4},"end":{"line":29,"column":5}},"6":{"start":{"line":23,"column":8},"end":{"line":24,"column":9}},"7":{"start":{"line":33,"column":21},"end":{"line":59,"column":9}},"8":{"start":{"line":61,"column":21},"end":{"line":61,"column":79}},"9":{"start":{"line":63,"column":8},"end":{"line":70,"column":10}},"10":{"start":{"line":19,"column":0},"end":{"line":72,"column":1}}},"fnMap":{"0":{"name":"(anonymous_0)","decl":{"start":{"line":20,"column":4},"end":{"line":20,"column":15}},"loc":{"start":{"line":20,"column":38},"end":{"line":25,"column":5}}},"1":{"name":"(anonymous_1)","decl":{"start":{"line":27,"column":17},"end":{"line":27,"column":19}},"loc":{"start":{"line":27,"column":22},"end":{"line":29,"column":5}}},"2":{"name":"(anonymous_2)","decl":{"start":{"line":31,"column":4},"end":{"line":31,"column":9}},"loc":{"start":{"line":31,"column":10},"end":{"line":71,"column":5}}}},"branchMap":{"0":{"loc":{"start":{"line":61,"column":55},"end":{"line":61,"column":59}},"type":"cond-expr","locations":[{"start":{"line":61,"column":55},"end":{"line":61,"column":59}},{"start":{"line":61,"column":62},"end":{"line":61,"column":79}}]},"1":{"loc":{"start":{"line":67,"column":21},"end":{"line":67,"column":27}},"type":"binary-expr","locations":[{"start":{"line":67,"column":21},"end":{"line":67,"column":27}},{"start":{"line":67,"column":31},"end":{"line":67,"column":120}}]}},"s":{"0":2,"1":2,"2":2,"3":2,"4":1,"5":1,"6":1,"7":1,"8":1,"9":1,"10":2},"f":{"0":1,"1":0,"2":1},"b":{"0":[1,0],"1":[1,1]}}
,"C:\\Users\\Lucas\\Documents\\GIT\\cawsp\\src\\components\\Base\\Toggle\\Toggle.tsx": {"path":"C:\\Users\\Lucas\\Documents\\GIT\\cawsp\\src\\components\\Base\\Toggle\\Toggle.tsx","statementMap":{"0":{"start":{"line":1,"column":0},"end":{"line":1,"column":30}},"1":{"start":{"line":2,"column":0},"end":{"line":2,"column":38}},"2":{"start":{"line":12,"column":15},"end":{"line":12,"column":86}},"3":{"start":{"line":13,"column":16},"end":{"line":13,"column":90}},"4":{"start":{"line":14,"column":16},"end":{"line":14,"column":78}},"5":{"start":{"line":15,"column":4},"end":{"line":22,"column":6}},"6":{"start":{"line":16,"column":76},"end":{"line":16,"column":104}},"7":{"start":{"line":11,"column":0},"end":{"line":23,"column":1}}},"fnMap":{"0":{"name":"Toggle","decl":{"start":{"line":11,"column":0},"end":{"line":11,"column":31}},"loc":{"start":{"line":11,"column":50},"end":{"line":23,"column":1}}},"1":{"name":"(anonymous_1)","decl":{"start":{"line":16,"column":72},"end":{"line":16,"column":73}},"loc":{"start":{"line":16,"column":76},"end":{"line":16,"column":104}}}},"branchMap":{"0":{"loc":{"start":{"line":12,"column":30},"end":{"line":12,"column":72}},"type":"cond-expr","locations":[{"start":{"line":12,"column":30},"end":{"line":12,"column":72}},{"start":{"line":12,"column":75},"end":{"line":12,"column":86}}]},"1":{"loc":{"start":{"line":13,"column":31},"end":{"line":13,"column":75}},"type":"cond-expr","locations":[{"start":{"line":13,"column":31},"end":{"line":13,"column":75}},{"start":{"line":13,"column":78},"end":{"line":13,"column":90}}]},"2":{"loc":{"start":{"line":14,"column":31},"end":{"line":14,"column":52}},"type":"cond-expr","locations":[{"start":{"line":14,"column":31},"end":{"line":14,"column":52}},{"start":{"line":14,"column":55},"end":{"line":14,"column":78}}]},"3":{"loc":{"start":{"line":14,"column":31},"end":{"line":14,"column":44}},"type":"binary-expr","locations":[{"start":{"line":14,"column":31},"end":{"line":14,"column":44}},{"start":{"line":14,"column":48},"end":{"line":14,"column":52}}]},"4":{"loc":{"start":{"line":14,"column":55},"end":{"line":14,"column":69}},"type":"binary-expr","locations":[{"start":{"line":14,"column":55},"end":{"line":14,"column":69}},{"start":{"line":14,"column":73},"end":{"line":14,"column":78}}]}},"s":{"0":1,"1":1,"2":9,"3":9,"4":9,"5":9,"6":1,"7":1},"f":{"0":9,"1":1},"b":{"0":[3,6],"1":[3,6],"2":[3,6],"3":[3,2],"4":[6,5]}}
,"C:\\Users\\Lucas\\Documents\\GIT\\cawsp\\src\\components\\Example\\Code.tsx": {"path":"C:\\Users\\Lucas\\Documents\\GIT\\cawsp\\src\\components\\Example\\Code.tsx","statementMap":{"0":{"start":{"line":1,"column":0},"end":{"line":1,"column":30}},"1":{"start":{"line":7,"column":4},"end":{"line":11,"column":6}},"2":{"start":{"line":6,"column":0},"end":{"line":12,"column":1}}},"fnMap":{"0":{"name":"Code","decl":{"start":{"line":6,"column":0},"end":{"line":6,"column":21}},"loc":{"start":{"line":6,"column":38},"end":{"line":12,"column":1}}}},"branchMap":{},"s":{"0":1,"1":1,"2":1},"f":{"0":1},"b":{}}
,"C:\\Users\\Lucas\\Documents\\GIT\\cawsp\\src\\components\\Example\\Demo.tsx": {"path":"C:\\Users\\Lucas\\Documents\\GIT\\cawsp\\src\\components\\Example\\Demo.tsx","statementMap":{"0":{"start":{"line":1,"column":0},"end":{"line":1,"column":30}},"1":{"start":{"line":7,"column":4},"end":{"line":11,"column":6}},"2":{"start":{"line":6,"column":0},"end":{"line":12,"column":1}}},"fnMap":{"0":{"name":"Demo","decl":{"start":{"line":6,"column":0},"end":{"line":6,"column":21}},"loc":{"start":{"line":6,"column":38},"end":{"line":12,"column":1}}}},"branchMap":{},"s":{"0":1,"1":1,"2":1},"f":{"0":1},"b":{}}
,"C:\\Users\\Lucas\\Documents\\GIT\\cawsp\\src\\components\\Example\\Example.tsx": {"path":"C:\\Users\\Lucas\\Documents\\GIT\\cawsp\\src\\components\\Example\\Example.tsx","statementMap":{"0":{"start":{"line":1,"column":0},"end":{"line":1,"column":30}},"1":{"start":{"line":11,"column":4},"end":{"line":11,"column":17}},"2":{"start":{"line":13,"column":8},"end":{"line":14,"column":5}},"3":{"start":{"line":18,"column":4},"end":{"line":22,"column":6}},"4":{"start":{"line":9,"column":0},"end":{"line":24,"column":1}}},"fnMap":{"0":{"name":"(anonymous_0)","decl":{"start":{"line":10,"column":2},"end":{"line":10,"column":13}},"loc":{"start":{"line":10,"column":33},"end":{"line":15,"column":3}}},"1":{"name":"(anonymous_1)","decl":{"start":{"line":17,"column":2},"end":{"line":17,"column":7}},"loc":{"start":{"line":17,"column":8},"end":{"line":23,"column":3}}}},"branchMap":{},"s":{"0":1,"1":1,"2":1,"3":1,"4":1},"f":{"0":1,"1":1},"b":{}}
,"C:\\Users\\Lucas\\Documents\\GIT\\cawsp\\src\\components\\Letter\\Letter.tsx": {"path":"C:\\Users\\Lucas\\Documents\\GIT\\cawsp\\src\\components\\Letter\\Letter.tsx","statementMap":{"0":{"start":{"line":1,"column":0},"end":{"line":1,"column":30}},"1":{"start":{"line":2,"column":0},"end":{"line":2,"column":38}},"2":{"start":{"line":16,"column":8},"end":{"line":16,"column":21}},"3":{"start":{"line":18,"column":8},"end":{"line":19,"column":9}},"4":{"start":{"line":23,"column":19},"end":{"line":23,"column":70}},"5":{"start":{"line":24,"column":18},"end":{"line":24,"column":67}},"6":{"start":{"line":25,"column":22},"end":{"line":25,"column":79}},"7":{"start":{"line":26,"column":8},"end":{"line":30,"column":10}},"8":{"start":{"line":14,"column":0},"end":{"line":32,"column":1}}},"fnMap":{"0":{"name":"(anonymous_0)","decl":{"start":{"line":15,"column":4},"end":{"line":15,"column":15}},"loc":{"start":{"line":15,"column":34},"end":{"line":20,"column":5}}},"1":{"name":"(anonymous_1)","decl":{"start":{"line":22,"column":4},"end":{"line":22,"column":9}},"loc":{"start":{"line":22,"column":10},"end":{"line":31,"column":5}}}},"branchMap":{"0":{"loc":{"start":{"line":23,"column":51},"end":{"line":23,"column":66}},"type":"cond-expr","locations":[{"start":{"line":23,"column":51},"end":{"line":23,"column":66}},{"start":{"line":23,"column":69},"end":{"line":23,"column":70}}]},"1":{"loc":{"start":{"line":24,"column":49},"end":{"line":24,"column":63}},"type":"cond-expr","locations":[{"start":{"line":24,"column":49},"end":{"line":24,"column":63}},{"start":{"line":24,"column":66},"end":{"line":24,"column":67}}]},"2":{"loc":{"start":{"line":25,"column":57},"end":{"line":25,"column":75}},"type":"cond-expr","locations":[{"start":{"line":25,"column":57},"end":{"line":25,"column":75}},{"start":{"line":25,"column":78},"end":{"line":25,"column":79}}]}},"s":{"0":1,"1":1,"2":1,"3":1,"4":1,"5":1,"6":1,"7":1,"8":1},"f":{"0":1,"1":1},"b":{"0":[0,1],"1":[0,1],"2":[0,1]}}
,"C:\\Users\\Lucas\\Documents\\GIT\\cawsp\\src\\components\\Logo\\Logo.tsx": {"path":"C:\\Users\\Lucas\\Documents\\GIT\\cawsp\\src\\components\\Logo\\Logo.tsx","statementMap":{"0":{"start":{"line":1,"column":0},"end":{"line":1,"column":30}},"1":{"start":{"line":2,"column":0},"end":{"line":2,"column":36}},"2":{"start":{"line":9,"column":18},"end":{"line":9,"column":68}},"3":{"start":{"line":10,"column":4},"end":{"line":12,"column":6}},"4":{"start":{"line":8,"column":0},"end":{"line":13,"column":1}}},"fnMap":{"0":{"name":"Logo","decl":{"start":{"line":8,"column":0},"end":{"line":8,"column":29}},"loc":{"start":{"line":8,"column":46},"end":{"line":13,"column":1}}}},"branchMap":{"0":{"loc":{"start":{"line":9,"column":48},"end":{"line":9,"column":61}},"type":"cond-expr","locations":[{"start":{"line":9,"column":48},"end":{"line":9,"column":61}},{"start":{"line":9,"column":64},"end":{"line":9,"column":68}}]}},"s":{"0":1,"1":1,"2":1,"3":1,"4":1},"f":{"0":1},"b":{"0":[0,1]}}
,"C:\\Users\\Lucas\\Documents\\GIT\\cawsp\\src\\components\\Menu\\Menu.tsx": {"path":"C:\\Users\\Lucas\\Documents\\GIT\\cawsp\\src\\components\\Menu\\Menu.tsx","statementMap":{"0":{"start":{"line":1,"column":0},"end":{"line":1,"column":30}},"1":{"start":{"line":2,"column":0},"end":{"line":2,"column":36}},"2":{"start":{"line":16,"column":22},"end":{"line":18,"column":12}},"3":{"start":{"line":20,"column":4},"end":{"line":24,"column":6}},"4":{"start":{"line":15,"column":0},"end":{"line":25,"column":1}},"5":{"start":{"line":28,"column":4},"end":{"line":30,"column":6}},"6":{"start":{"line":27,"column":0},"end":{"line":31,"column":1}}},"fnMap":{"0":{"name":"Menu","decl":{"start":{"line":15,"column":0},"end":{"line":15,"column":29}},"loc":{"start":{"line":15,"column":46},"end":{"line":25,"column":1}}},"1":{"name":"MenuItem","decl":{"start":{"line":27,"column":0},"end":{"line":27,"column":25}},"loc":{"start":{"line":27,"column":46},"end":{"line":31,"column":1}}}},"branchMap":{"0":{"loc":{"start":{"line":16,"column":35},"end":{"line":18,"column":5}},"type":"cond-expr","locations":[{"start":{"line":16,"column":35},"end":{"line":18,"column":5}},{"start":{"line":18,"column":8},"end":{"line":18,"column":12}}]}},"s":{"0":1,"1":1,"2":1,"3":1,"4":1,"5":2,"6":1},"f":{"0":1,"1":2},"b":{"0":[0,1]}}
,"C:\\Users\\Lucas\\Documents\\GIT\\cawsp\\src\\components\\MobileMenu\\MobileMenu.tsx": {"path":"C:\\Users\\Lucas\\Documents\\GIT\\cawsp\\src\\components\\MobileMenu\\MobileMenu.tsx","statementMap":{"0":{"start":{"line":1,"column":0},"end":{"line":1,"column":30}},"1":{"start":{"line":2,"column":0},"end":{"line":2,"column":42}},"2":{"start":{"line":11,"column":19},"end":{"line":11,"column":52}},"3":{"start":{"line":12,"column":19},"end":{"line":12,"column":52}},"4":{"start":{"line":13,"column":19},"end":{"line":13,"column":52}},"5":{"start":{"line":14,"column":19},"end":{"line":14,"column":52}},"6":{"start":{"line":15,"column":4},"end":{"line":22,"column":6}},"7":{"start":{"line":10,"column":0},"end":{"line":23,"column":1}}},"fnMap":{"0":{"name":"MobileMenu","decl":{"start":{"line":10,"column":0},"end":{"line":10,"column":35}},"loc":{"start":{"line":10,"column":58},"end":{"line":23,"column":1}}}},"branchMap":{"0":{"loc":{"start":{"line":11,"column":32},"end":{"line":11,"column":47}},"type":"cond-expr","locations":[{"start":{"line":11,"column":32},"end":{"line":11,"column":47}},{"start":{"line":11,"column":50},"end":{"line":11,"column":52}}]},"1":{"loc":{"start":{"line":12,"column":32},"end":{"line":12,"column":47}},"type":"cond-expr","locations":[{"start":{"line":12,"column":32},"end":{"line":12,"column":47}},{"start":{"line":12,"column":50},"end":{"line":12,"column":52}}]},"2":{"loc":{"start":{"line":13,"column":32},"end":{"line":13,"column":47}},"type":"cond-expr","locations":[{"start":{"line":13,"column":32},"end":{"line":13,"column":47}},{"start":{"line":13,"column":50},"end":{"line":13,"column":52}}]},"3":{"loc":{"start":{"line":14,"column":32},"end":{"line":14,"column":47}},"type":"cond-expr","locations":[{"start":{"line":14,"column":32},"end":{"line":14,"column":47}},{"start":{"line":14,"column":50},"end":{"line":14,"column":52}}]}},"s":{"0":1,"1":1,"2":1,"3":1,"4":1,"5":1,"6":1,"7":1},"f":{"0":1},"b":{"0":[0,1],"1":[0,1],"2":[0,1],"3":[0,1]}}
}
